<?xml version="1.0" encoding="UTF-8"?>
<testsuite xmlns:xsi="http://www.w3.org/2001/XMLSchema-instance" xsi:noNamespaceSchemaLocation="https://maven.apache.org/surefire/maven-surefire-plugin/xsd/surefire-test-report.xsd" name="org.wonderboom.PersonTest" time="0.366" tests="7" errors="1" skipped="0" failures="0">
  <properties>
    <property name="java.specification.version" value="17"/>
    <property name="sun.cpu.isalist" value="amd64"/>
    <property name="sun.jnu.encoding" value="Cp1252"/>
    <property name="java.class.path" value="C:\Users\aramw\Documents\novi\backend\FamilyTree\target\test-classes;C:\Users\aramw\Documents\novi\backend\FamilyTree\target\classes;C:\Users\aramw\.m2\repository\org\junit\jupiter\junit-jupiter-engine\5.9.0\junit-jupiter-engine-5.9.0.jar;C:\Users\aramw\.m2\repository\org\junit\platform\junit-platform-engine\1.9.0\junit-platform-engine-1.9.0.jar;C:\Users\aramw\.m2\repository\org\opentest4j\opentest4j\1.2.0\opentest4j-1.2.0.jar;C:\Users\aramw\.m2\repository\org\junit\platform\junit-platform-commons\1.9.0\junit-platform-commons-1.9.0.jar;C:\Users\aramw\.m2\repository\org\junit\jupiter\junit-jupiter-api\5.9.0\junit-jupiter-api-5.9.0.jar;C:\Users\aramw\.m2\repository\org\apiguardian\apiguardian-api\1.1.2\apiguardian-api-1.1.2.jar;"/>
    <property name="java.vm.vendor" value="Oracle Corporation"/>
    <property name="sun.arch.data.model" value="64"/>
    <property name="user.variant" value=""/>
    <property name="java.vendor.url" value="https://java.oracle.com/"/>
    <property name="user.timezone" value="Europe/Amsterdam"/>
    <property name="os.name" value="Windows 10"/>
    <property name="java.vm.specification.version" value="17"/>
    <property name="sun.java.launcher" value="SUN_STANDARD"/>
    <property name="user.country" value="NL"/>
    <property name="sun.boot.library.path" value="C:\Program Files\Java\jdk-17\bin"/>
    <property name="sun.java.command" value="C:\Users\aramw\AppData\Local\Temp\surefire17035147880799390470\surefirebooter12711061269278962552.jar C:\Users\aramw\AppData\Local\Temp\surefire17035147880799390470 2022-10-12T11-38-40_019-jvmRun1 surefire17941158100779614755tmp surefire_0490880943508310854tmp"/>
    <property name="jdk.debug" value="release"/>
    <property name="surefire.test.class.path" value="C:\Users\aramw\Documents\novi\backend\FamilyTree\target\test-classes;C:\Users\aramw\Documents\novi\backend\FamilyTree\target\classes;C:\Users\aramw\.m2\repository\org\junit\jupiter\junit-jupiter-engine\5.9.0\junit-jupiter-engine-5.9.0.jar;C:\Users\aramw\.m2\repository\org\junit\platform\junit-platform-engine\1.9.0\junit-platform-engine-1.9.0.jar;C:\Users\aramw\.m2\repository\org\opentest4j\opentest4j\1.2.0\opentest4j-1.2.0.jar;C:\Users\aramw\.m2\repository\org\junit\platform\junit-platform-commons\1.9.0\junit-platform-commons-1.9.0.jar;C:\Users\aramw\.m2\repository\org\junit\jupiter\junit-jupiter-api\5.9.0\junit-jupiter-api-5.9.0.jar;C:\Users\aramw\.m2\repository\org\apiguardian\apiguardian-api\1.1.2\apiguardian-api-1.1.2.jar;"/>
    <property name="sun.cpu.endian" value="little"/>
    <property name="user.home" value="C:\Users\aramw"/>
    <property name="user.language" value="nl"/>
    <property name="java.specification.vendor" value="Oracle Corporation"/>
    <property name="java.version.date" value="2021-09-14"/>
    <property name="java.home" value="C:\Program Files\Java\jdk-17"/>
    <property name="file.separator" value="\"/>
    <property name="basedir" value="C:\Users\aramw\Documents\novi\backend\FamilyTree"/>
    <property name="java.vm.compressedOopsMode" value="Zero based"/>
    <property name="line.separator" value="&#10;"/>
    <property name="java.vm.specification.vendor" value="Oracle Corporation"/>
    <property name="java.specification.name" value="Java Platform API Specification"/>
    <property name="surefire.real.class.path" value="C:\Users\aramw\AppData\Local\Temp\surefire17035147880799390470\surefirebooter12711061269278962552.jar"/>
    <property name="user.script" value=""/>
    <property name="sun.management.compiler" value="HotSpot 64-Bit Tiered Compilers"/>
    <property name="java.runtime.version" value="17+35-2724"/>
    <property name="user.name" value="aramw"/>
    <property name="path.separator" value=";"/>
    <property name="os.version" value="10.0"/>
    <property name="java.runtime.name" value="OpenJDK Runtime Environment"/>
    <property name="file.encoding" value="Cp1252"/>
    <property name="java.vm.name" value="OpenJDK 64-Bit Server VM"/>
    <property name="localRepository" value="C:\Users\aramw\.m2\repository"/>
    <property name="java.vendor.url.bug" value="https://bugreport.java.com/bugreport/"/>
    <property name="java.io.tmpdir" value="C:\Users\aramw\AppData\Local\Temp\"/>
    <property name="idea.version" value="2022.2"/>
    <property name="java.version" value="17"/>
    <property name="user.dir" value="C:\Users\aramw\Documents\novi\backend\FamilyTree"/>
    <property name="os.arch" value="amd64"/>
    <property name="java.vm.specification.name" value="Java Virtual Machine Specification"/>
    <property name="sun.os.patch.level" value=""/>
    <property name="native.encoding" value="Cp1252"/>
    <property name="java.library.path" value="C:\Program Files\Java\jdk-17\bin;C:\Windows\Sun\Java\bin;C:\Windows\system32;C:\Windows;C:\Program Files\Common Files\Oracle\Java\javapath;C:\Windows\system32;C:\Windows;C:\Windows\System32\Wbem;C:\Windows\System32\WindowsPowerShell\v1.0\;C:\Windows\System32\OpenSSH\;C:\Program Files\Intel\WiFi\bin\;C:\Program Files\Common Files\Intel\WirelessCommon\;C:\Program Files\Git\cmd;C:\Program Files\nodejs\;C:\Maven\bin;C:\Maven\bin;C:\Program Files\Java\jdk-19\bin;C:\Users\aramw\AppData\Local\Microsoft\WindowsApps;;C:\Program Files\JetBrains\WebStorm 2022.2\bin;;C:\Program Files\JetBrains\IntelliJ IDEA 2022.2\bin;;C:\Users\aramw\AppData\Roaming\npm;."/>
    <property name="java.vm.info" value="mixed mode, sharing"/>
    <property name="java.vendor" value="Oracle Corporation"/>
    <property name="java.vm.version" value="17+35-2724"/>
    <property name="sun.io.unicode.encoding" value="UnicodeLittle"/>
    <property name="java.class.version" value="61.0"/>
  </properties>
  <testcase name="when_PetIsAdded_Expect_ThisPetsOfPersonContainPetAndTheOwnerOfPetisThisOwner" classname="org.wonderboom.PersonTest" time="0.023"/>
  <testcase name="when_addParentsIsCalled_Expect_getMotherAndgetFatherReturnListWithMinimalOnePerson" classname="org.wonderboom.PersonTest" time="0.001"/>
  <testcase name="when_getGrandChildren_Expect_ListgrandChildrenContainAllPersonAddedToTheChilderenOfThePerson" classname="org.wonderboom.PersonTest" time="0.007"/>
  <testcase name="when_petIsRemoved_Expect_ThisPetsNotContainPetANDOwnerOfPetIsNull" classname="org.wonderboom.PersonTest" time="0.001"/>
  <testcase name="when_PetIsAddedToPerson_Expect_PetAddedIsSameAsPetReturned" classname="org.wonderboom.PersonTest" time="0"/>
  <testcase name="when_addChildIsCalled_Expect_getChildrenReturnsListWithOneMorePerson" classname="org.wonderboom.PersonTest" time="0.001"/>
  <testcase name="when_SiblingIsAdded_Expect_PersonAddedIsSameAsSiblingReturned" classname="org.wonderboom.PersonTest" time="0.324">
    <error type="java.lang.StackOverflowError">java.lang.StackOverflowError
</error>
    <system-out><![CDATA[Hans is already a sibling of Grietje
Grietje is already a sibling of Hans
Hans is already a sibling of Grietje
Grietje is already a sibling of Hans
Hans is already a sibling of Grietje
Grietje is already a sibling of Hans
Hans is already a sibling of Grietje
Grietje is already a sibling of Hans
Hans is already a sibling of Grietje
Grietje is already a sibling of Hans
Hans is already a sibling of Grietje
Grietje is already a sibling of Hans
Hans is already a sibling of Grietje
Grietje is already a sibling of Hans
Hans is already a sibling of Grietje
Grietje is already a sibling of Hans
Hans is already a sibling of Grietje
Grietje is already a sibling of Hans
Hans is already a sibling of Grietje
Grietje is already a sibling of Hans
Hans is already a sibling of Grietje
Grietje is already a sibling of Hans
Hans is already a sibling of Grietje
Grietje is already a sibling of Hans
Hans is already a sibling of Grietje
Grietje is already a sibling of Hans
Hans is already a sibling of Grietje
Grietje is already a sibling of Hans
Hans is already a sibling of Grietje
Grietje is already a sibling of Hans
Hans is already a sibling of Grietje
Grietje is already a sibling of Hans
Hans is already a sibling of Grietje
Grietje is already a sibling of Hans
Hans is already a sibling of Grietje
Grietje is already a sibling of Hans
Hans is already a sibling of Grietje
Grietje is already a sibling of Hans
Hans is already a sibling of Grietje
Grietje is already a sibling of Hans
Hans is already a sibling of Grietje
Grietje is already a sibling of Hans
Hans is already a sibling of Grietje
Grietje is already a sibling of Hans
Hans is already a sibling of Grietje
Grietje is already a sibling of Hans
Hans is already a sibling of Grietje
Grietje is already a sibling of Hans
Hans is already a sibling of Grietje
Grietje is already a sibling of Hans
Hans is already a sibling of Grietje
Grietje is already a sibling of Hans
Hans is already a sibling of Grietje
Grietje is already a sibling of Hans
Hans is already a sibling of Grietje
Grietje is already a sibling of Hans
Hans is already a sibling of Grietje
Grietje is already a sibling of Hans
Hans is already a sibling of Grietje
Grietje is already a sibling of Hans
Hans is already a sibling of Grietje
Grietje is already a sibling of Hans
Hans is already a sibling of Grietje
Grietje is already a sibling of Hans
Hans is already a sibling of Grietje
Grietje is already a sibling of Hans
Hans is already a sibling of Grietje
Grietje is already a sibling of Hans
Hans is already a sibling of Grietje
Grietje is already a sibling of Hans
Hans is already a sibling of Grietje
Grietje is already a sibling of Hans
Hans is already a sibling of Grietje
Grietje is already a sibling of Hans
Hans is already a sibling of Grietje
Grietje is already a sibling of Hans
Hans is already a sibling of Grietje
Grietje is already a sibling of Hans
Hans is already a sibling of Grietje
Grietje is already a sibling of Hans
Hans is already a sibling of Grietje
Grietje is already a sibling of Hans
Hans is already a sibling of Grietje
Grietje is already a sibling of Hans
Hans is already a sibling of Grietje
Grietje is already a sibling of Hans
Hans is already a sibling of Grietje
Grietje is already a sibling of Hans
Hans is already a sibling of Grietje
Grietje is already a sibling of Hans
Hans is already a sibling of Grietje
Grietje is already a sibling of Hans
Hans is already a sibling of Grietje
Grietje is already a sibling of Hans
Hans is already a sibling of Grietje
Grietje is already a sibling of Hans
Hans is already a sibling of Grietje
Grietje is already a sibling of Hans
Hans is already a sibling of Grietje
Grietje is already a sibling of Hans
Hans is already a sibling of Grietje
Grietje is already a sibling of Hans
Hans is already a sibling of Grietje
Grietje is already a sibling of Hans
Hans is already a sibling of Grietje
Grietje is already a sibling of Hans
Hans is already a sibling of Grietje
Grietje is already a sibling of Hans
Hans is already a sibling of Grietje
Grietje is already a sibling of Hans
Hans is already a sibling of Grietje
Grietje is already a sibling of Hans
Hans is already a sibling of Grietje
Grietje is already a sibling of Hans
Hans is already a sibling of Grietje
Grietje is already a sibling of Hans
Hans is already a sibling of Grietje
Grietje is already a sibling of Hans
Hans is already a sibling of Grietje
Grietje is already a sibling of Hans
Hans is already a sibling of Grietje
Grietje is already a sibling of Hans
Hans is already a sibling of Grietje
Grietje is already a sibling of Hans
Hans is already a sibling of Grietje
Grietje is already a sibling of Hans
Hans is already a sibling of Grietje
Grietje is already a sibling of Hans
Hans is already a sibling of Grietje
Grietje is already a sibling of Hans
Hans is already a sibling of Grietje
Grietje is already a sibling of Hans
Hans is already a sibling of Grietje
Grietje is already a sibling of Hans
Hans is already a sibling of Grietje
Grietje is already a sibling of Hans
Hans is already a sibling of Grietje
Grietje is already a sibling of Hans
Hans is already a sibling of Grietje
Grietje is already a sibling of Hans
Hans is already a sibling of Grietje
Grietje is already a sibling of Hans
Hans is already a sibling of Grietje
Grietje is already a sibling of Hans
Hans is already a sibling of Grietje
Grietje is already a sibling of Hans
Hans is already a sibling of Grietje
Grietje is already a sibling of Hans
Hans is already a sibling of Grietje
Grietje is already a sibling of Hans
Hans is already a sibling of Grietje
Grietje is already a sibling of Hans
Hans is already a sibling of Grietje
Grietje is already a sibling of Hans
Hans is already a sibling of Grietje
Grietje is already a sibling of Hans
Hans is already a sibling of Grietje
Grietje is already a sibling of Hans
Hans is already a sibling of Grietje
Grietje is already a sibling of Hans
Hans is already a sibling of Grietje
Grietje is already a sibling of Hans
Hans is already a sibling of Grietje
Grietje is already a sibling of Hans
Hans is already a sibling of Grietje
Grietje is already a sibling of Hans
Hans is already a sibling of Grietje
Grietje is already a sibling of Hans
Hans is already a sibling of Grietje
Grietje is already a sibling of Hans
Hans is already a sibling of Grietje
Grietje is already a sibling of Hans
Hans is already a sibling of Grietje
Grietje is already a sibling of Hans
Hans is already a sibling of Grietje
Grietje is already a sibling of Hans
Hans is already a sibling of Grietje
Grietje is already a sibling of Hans
Hans is already a sibling of Grietje
Grietje is already a sibling of Hans
Hans is already a sibling of Grietje
Grietje is already a sibling of Hans
Hans is already a sibling of Grietje
Grietje is already a sibling of Hans
Hans is already a sibling of Grietje
Grietje is already a sibling of Hans
Hans is already a sibling of Grietje
Grietje is already a sibling of Hans
Hans is already a sibling of Grietje
Grietje is already a sibling of Hans
Hans is already a sibling of Grietje
Grietje is already a sibling of Hans
Hans is already a sibling of Grietje
Grietje is already a sibling of Hans
Hans is already a sibling of Grietje
Grietje is already a sibling of Hans
Hans is already a sibling of Grietje
Grietje is already a sibling of Hans
Hans is already a sibling of Grietje
Grietje is already a sibling of Hans
Hans is already a sibling of Grietje
Grietje is already a sibling of Hans
Hans is already a sibling of Grietje
Grietje is already a sibling of Hans
Hans is already a sibling of Grietje
Grietje is already a sibling of Hans
Hans is already a sibling of Grietje
Grietje is already a sibling of Hans
Hans is already a sibling of Grietje
Grietje is already a sibling of Hans
Hans is already a sibling of Grietje
Grietje is already a sibling of Hans
Hans is already a sibling of Grietje
Grietje is already a sibling of Hans
Hans is already a sibling of Grietje
Grietje is already a sibling of Hans
Hans is already a sibling of Grietje
Grietje is already a sibling of Hans
Hans is already a sibling of Grietje
Grietje is already a sibling of Hans
Hans is already a sibling of Grietje
Grietje is already a sibling of Hans
Hans is already a sibling of Grietje
Grietje is already a sibling of Hans
Hans is already a sibling of Grietje
Grietje is already a sibling of Hans
Hans is already a sibling of Grietje
Grietje is already a sibling of Hans
Hans is already a sibling of Grietje
Grietje is already a sibling of Hans
Hans is already a sibling of Grietje
Grietje is already a sibling of Hans
Hans is already a sibling of Grietje
Grietje is already a sibling of Hans
Hans is already a sibling of Grietje
Grietje is already a sibling of Hans
Hans is already a sibling of Grietje
Grietje is already a sibling of Hans
Hans is already a sibling of Grietje
Grietje is already a sibling of Hans
Hans is already a sibling of Grietje
Grietje is already a sibling of Hans
Hans is already a sibling of Grietje
Grietje is already a sibling of Hans
Hans is already a sibling of Grietje
Grietje is already a sibling of Hans
Hans is already a sibling of Grietje
Grietje is already a sibling of Hans
Hans is already a sibling of Grietje
Grietje is already a sibling of Hans
Hans is already a sibling of Grietje
Grietje is already a sibling of Hans
Hans is already a sibling of Grietje
Grietje is already a sibling of Hans
Hans is already a sibling of Grietje
Grietje is already a sibling of Hans
Hans is already a sibling of Grietje
Grietje is already a sibling of Hans
Hans is already a sibling of Grietje
Grietje is already a sibling of Hans
Hans is already a sibling of Grietje
Grietje is already a sibling of Hans
Hans is already a sibling of Grietje
Grietje is already a sibling of Hans
Hans is already a sibling of Grietje
Grietje is already a sibling of Hans
Hans is already a sibling of Grietje
Grietje is already a sibling of Hans
Hans is already a sibling of Grietje
Grietje is already a sibling of Hans
Hans is already a sibling of Grietje
Grietje is already a sibling of Hans
Hans is already a sibling of Grietje
Grietje is already a sibling of Hans
Hans is already a sibling of Grietje
Grietje is already a sibling of Hans
Hans is already a sibling of Grietje
Grietje is already a sibling of Hans
Hans is already a sibling of Grietje
Grietje is already a sibling of Hans
Hans is already a sibling of Grietje
Grietje is already a sibling of Hans
Hans is already a sibling of Grietje
Grietje is already a sibling of Hans
Hans is already a sibling of Grietje
Grietje is already a sibling of Hans
Hans is already a sibling of Grietje
Grietje is already a sibling of Hans
Hans is already a sibling of Grietje
Grietje is already a sibling of Hans
Hans is already a sibling of Grietje
Grietje is already a sibling of Hans
Hans is already a sibling of Grietje
Grietje is already a sibling of Hans
Hans is already a sibling of Grietje
Grietje is already a sibling of Hans
Hans is already a sibling of Grietje
Grietje is already a sibling of Hans
Hans is already a sibling of Grietje
Grietje is already a sibling of Hans
Hans is already a sibling of Grietje
Grietje is already a sibling of Hans
Hans is already a sibling of Grietje
Grietje is already a sibling of Hans
Hans is already a sibling of Grietje
Grietje is already a sibling of Hans
Hans is already a sibling of Grietje
Grietje is already a sibling of Hans
Hans is already a sibling of Grietje
Grietje is already a sibling of Hans
Hans is already a sibling of Grietje
Grietje is already a sibling of Hans
Hans is already a sibling of Grietje
Grietje is already a sibling of Hans
Hans is already a sibling of Grietje
Grietje is already a sibling of Hans
Hans is already a sibling of Grietje
Grietje is already a sibling of Hans
Hans is already a sibling of Grietje
Grietje is already a sibling of Hans
Hans is already a sibling of Grietje
Grietje is already a sibling of Hans
Hans is already a sibling of Grietje
Grietje is already a sibling of Hans
Hans is already a sibling of Grietje
Grietje is already a sibling of Hans
Hans is already a sibling of Grietje
Grietje is already a sibling of Hans
Hans is already a sibling of Grietje
Grietje is already a sibling of Hans
Hans is already a sibling of Grietje
Grietje is already a sibling of Hans
Hans is already a sibling of Grietje
Grietje is already a sibling of Hans
Hans is already a sibling of Grietje
Grietje is already a sibling of Hans
Hans is already a sibling of Grietje
Grietje is already a sibling of Hans
Hans is already a sibling of Grietje
Grietje is already a sibling of Hans
Hans is already a sibling of Grietje
Grietje is already a sibling of Hans
Hans is already a sibling of Grietje
Grietje is already a sibling of Hans
Hans is already a sibling of Grietje
Grietje is already a sibling of Hans
Hans is already a sibling of Grietje
Grietje is already a sibling of Hans
Hans is already a sibling of Grietje
Grietje is already a sibling of Hans
Hans is already a sibling of Grietje
Grietje is already a sibling of Hans
Hans is already a sibling of Grietje
Grietje is already a sibling of Hans
Hans is already a sibling of Grietje
Grietje is already a sibling of Hans
Hans is already a sibling of Grietje
Grietje is already a sibling of Hans
Hans is already a sibling of Grietje
Grietje is already a sibling of Hans
Hans is already a sibling of Grietje
Grietje is already a sibling of Hans
Hans is already a sibling of Grietje
Grietje is already a sibling of Hans
Hans is already a sibling of Grietje
Grietje is already a sibling of Hans
Hans is already a sibling of Grietje
Grietje is already a sibling of Hans
Hans is already a sibling of Grietje
Grietje is already a sibling of Hans
Hans is already a sibling of Grietje
Grietje is already a sibling of Hans
Hans is already a sibling of Grietje
Grietje is already a sibling of Hans
Hans is already a sibling of Grietje
Grietje is already a sibling of Hans
Hans is already a sibling of Grietje
Grietje is already a sibling of Hans
Hans is already a sibling of Grietje
Grietje is already a sibling of Hans
Hans is already a sibling of Grietje
Grietje is already a sibling of Hans
Hans is already a sibling of Grietje
Grietje is already a sibling of Hans
Hans is already a sibling of Grietje
Grietje is already a sibling of Hans
Hans is already a sibling of Grietje
Grietje is already a sibling of Hans
Hans is already a sibling of Grietje
Grietje is already a sibling of Hans
Hans is already a sibling of Grietje
Grietje is already a sibling of Hans
Hans is already a sibling of Grietje
Grietje is already a sibling of Hans
Hans is already a sibling of Grietje
Grietje is already a sibling of Hans
Hans is already a sibling of Grietje
Grietje is already a sibling of Hans
Hans is already a sibling of Grietje
Grietje is already a sibling of Hans
Hans is already a sibling of Grietje
Grietje is already a sibling of Hans
Hans is already a sibling of Grietje
Grietje is already a sibling of Hans
Hans is already a sibling of Grietje
Grietje is already a sibling of Hans
Hans is already a sibling of Grietje
Grietje is already a sibling of Hans
Hans is already a sibling of Grietje
Grietje is already a sibling of Hans
Hans is already a sibling of Grietje
Grietje is already a sibling of Hans
Hans is already a sibling of Grietje
Grietje is already a sibling of Hans
Hans is already a sibling of Grietje
Grietje is already a sibling of Hans
Hans is already a sibling of Grietje
Grietje is already a sibling of Hans
Hans is already a sibling of Grietje
Grietje is already a sibling of Hans
Hans is already a sibling of Grietje
Grietje is already a sibling of Hans
Hans is already a sibling of Grietje
Grietje is already a sibling of Hans
Hans is already a sibling of Grietje
Grietje is already a sibling of Hans
Hans is already a sibling of Grietje
Grietje is already a sibling of Hans
Hans is already a sibling of Grietje
Grietje is already a sibling of Hans
Hans is already a sibling of Grietje
Grietje is already a sibling of Hans
Hans is already a sibling of Grietje
Grietje is already a sibling of Hans
Hans is already a sibling of Grietje
Grietje is already a sibling of Hans
Hans is already a sibling of Grietje
Grietje is already a sibling of Hans
Hans is already a sibling of Grietje
Grietje is already a sibling of Hans
Hans is already a sibling of Grietje
Grietje is already a sibling of Hans
Hans is already a sibling of Grietje
Grietje is already a sibling of Hans
Hans is already a sibling of Grietje
Grietje is already a sibling of Hans
Hans is already a sibling of Grietje
Grietje is already a sibling of Hans
Hans is already a sibling of Grietje
Grietje is already a sibling of Hans
Hans is already a sibling of Grietje
Grietje is already a sibling of Hans
Hans is already a sibling of Grietje
Grietje is already a sibling of Hans
Hans is already a sibling of Grietje
Grietje is already a sibling of Hans
Hans is already a sibling of Grietje
Grietje is already a sibling of Hans
Hans is already a sibling of Grietje
Grietje is already a sibling of Hans
Hans is already a sibling of Grietje
Grietje is already a sibling of Hans
Hans is already a sibling of Grietje
Grietje is already a sibling of Hans
Hans is already a sibling of Grietje
Grietje is already a sibling of Hans
Hans is already a sibling of Grietje
Grietje is already a sibling of Hans
Hans is already a sibling of Grietje
Grietje is already a sibling of Hans
Hans is already a sibling of Grietje
Grietje is already a sibling of Hans
Hans is already a sibling of Grietje
Grietje is already a sibling of Hans
Hans is already a sibling of Grietje
Grietje is already a sibling of Hans
Hans is already a sibling of Grietje
Grietje is already a sibling of Hans
Hans is already a sibling of Grietje
Grietje is already a sibling of Hans
Hans is already a sibling of Grietje
Grietje is already a sibling of Hans
Hans is already a sibling of Grietje
Grietje is already a sibling of Hans
Hans is already a sibling of Grietje
Grietje is already a sibling of Hans
Hans is already a sibling of Grietje
Grietje is already a sibling of Hans
Hans is already a sibling of Grietje
Grietje is already a sibling of Hans
Hans is already a sibling of Grietje
Grietje is already a sibling of Hans
Hans is already a sibling of Grietje
Grietje is already a sibling of Hans
Hans is already a sibling of Grietje
Grietje is already a sibling of Hans
Hans is already a sibling of Grietje
Grietje is already a sibling of Hans
Hans is already a sibling of Grietje
Grietje is already a sibling of Hans
Hans is already a sibling of Grietje
Grietje is already a sibling of Hans
Hans is already a sibling of Grietje
Grietje is already a sibling of Hans
Hans is already a sibling of Grietje
Grietje is already a sibling of Hans
Hans is already a sibling of Grietje
Grietje is already a sibling of Hans
Hans is already a sibling of Grietje
Grietje is already a sibling of Hans
Hans is already a sibling of Grietje
Grietje is already a sibling of Hans
Hans is already a sibling of Grietje
Grietje is already a sibling of Hans
Hans is already a sibling of Grietje
Grietje is already a sibling of Hans
Hans is already a sibling of Grietje
Grietje is already a sibling of Hans
Hans is already a sibling of Grietje
Grietje is already a sibling of Hans
Hans is already a sibling of Grietje
Grietje is already a sibling of Hans
Hans is already a sibling of Grietje
Grietje is already a sibling of Hans
Hans is already a sibling of Grietje
Grietje is already a sibling of Hans
Hans is already a sibling of Grietje
Grietje is already a sibling of Hans
Hans is already a sibling of Grietje
Grietje is already a sibling of Hans
Hans is already a sibling of Grietje
Grietje is already a sibling of Hans
Hans is already a sibling of Grietje
Grietje is already a sibling of Hans
Hans is already a sibling of Grietje
Grietje is already a sibling of Hans
Hans is already a sibling of Grietje
Grietje is already a sibling of Hans
Hans is already a sibling of Grietje
Grietje is already a sibling of Hans
Hans is already a sibling of Grietje
Grietje is already a sibling of Hans
Hans is already a sibling of Grietje
Grietje is already a sibling of Hans
Hans is already a sibling of Grietje
Grietje is already a sibling of Hans
Hans is already a sibling of Grietje
Grietje is already a sibling of Hans
Hans is already a sibling of Grietje
Grietje is already a sibling of Hans
Hans is already a sibling of Grietje
Grietje is already a sibling of Hans
Hans is already a sibling of Grietje
Grietje is already a sibling of Hans
Hans is already a sibling of Grietje
Grietje is already a sibling of Hans
Hans is already a sibling of Grietje
Grietje is already a sibling of Hans
Hans is already a sibling of Grietje
Grietje is already a sibling of Hans
Hans is already a sibling of Grietje
Grietje is already a sibling of Hans
Hans is already a sibling of Grietje
Grietje is already a sibling of Hans
Hans is already a sibling of Grietje
Grietje is already a sibling of Hans
Hans is already a sibling of Grietje
Grietje is already a sibling of Hans
Hans is already a sibling of Grietje
Grietje is already a sibling of Hans
Hans is already a sibling of Grietje
Grietje is already a sibling of Hans
Hans is already a sibling of Grietje
Grietje is already a sibling of Hans
Hans is already a sibling of Grietje
Grietje is already a sibling of Hans
Hans is already a sibling of Grietje
Grietje is already a sibling of Hans
Hans is already a sibling of Grietje
Grietje is already a sibling of Hans
Hans is already a sibling of Grietje
Grietje is already a sibling of Hans
Hans is already a sibling of Grietje
Grietje is already a sibling of Hans
Hans is already a sibling of Grietje
Grietje is already a sibling of Hans
Hans is already a sibling of Grietje
Grietje is already a sibling of Hans
Hans is already a sibling of Grietje
Grietje is already a sibling of Hans
Hans is already a sibling of Grietje
Grietje is already a sibling of Hans
Hans is already a sibling of Grietje
Grietje is already a sibling of Hans
Hans is already a sibling of Grietje
Grietje is already a sibling of Hans
Hans is already a sibling of Grietje
Grietje is already a sibling of Hans
Hans is already a sibling of Grietje
Grietje is already a sibling of Hans
Hans is already a sibling of Grietje
Grietje is already a sibling of Hans
Hans is already a sibling of Grietje
Grietje is already a sibling of Hans
Hans is already a sibling of Grietje
Grietje is already a sibling of Hans
Hans is already a sibling of Grietje
Grietje is already a sibling of Hans
Hans is already a sibling of Grietje
Grietje is already a sibling of Hans
Hans is already a sibling of Grietje
Grietje is already a sibling of Hans
Hans is already a sibling of Grietje
Grietje is already a sibling of Hans
Hans is already a sibling of Grietje
Grietje is already a sibling of Hans
Hans is already a sibling of Grietje
Grietje is already a sibling of Hans
Hans is already a sibling of Grietje
Grietje is already a sibling of Hans
Hans is already a sibling of Grietje
Grietje is already a sibling of Hans
Hans is already a sibling of Grietje
Grietje is already a sibling of Hans
Hans is already a sibling of Grietje
Grietje is already a sibling of Hans
Hans is already a sibling of Grietje
Grietje is already a sibling of Hans
Hans is already a sibling of Grietje
Grietje is already a sibling of Hans
Hans is already a sibling of Grietje
Grietje is already a sibling of Hans
Hans is already a sibling of Grietje
Grietje is already a sibling of Hans
Hans is already a sibling of Grietje
Grietje is already a sibling of Hans
Hans is already a sibling of Grietje
Grietje is already a sibling of Hans
Hans is already a sibling of Grietje
Grietje is already a sibling of Hans
Hans is already a sibling of Grietje
Grietje is already a sibling of Hans
Hans is already a sibling of Grietje
Grietje is already a sibling of Hans
Hans is already a sibling of Grietje
Grietje is already a sibling of Hans
Hans is already a sibling of Grietje
Grietje is already a sibling of Hans
Hans is already a sibling of Grietje
Grietje is already a sibling of Hans
Hans is already a sibling of Grietje
Grietje is already a sibling of Hans
Hans is already a sibling of Grietje
Grietje is already a sibling of Hans
Hans is already a sibling of Grietje
Grietje is already a sibling of Hans
Hans is already a sibling of Grietje
Grietje is already a sibling of Hans
Hans is already a sibling of Grietje
Grietje is already a sibling of Hans
Hans is already a sibling of Grietje
Grietje is already a sibling of Hans
Hans is already a sibling of Grietje
Grietje is already a sibling of Hans
Hans is already a sibling of Grietje
Grietje is already a sibling of Hans
Hans is already a sibling of Grietje
Grietje is already a sibling of Hans
Hans is already a sibling of Grietje
Grietje is already a sibling of Hans
Hans is already a sibling of Grietje
Grietje is already a sibling of Hans
Hans is already a sibling of Grietje
Grietje is already a sibling of Hans
Hans is already a sibling of Grietje
Grietje is already a sibling of Hans
Hans is already a sibling of Grietje
Grietje is already a sibling of Hans
Hans is already a sibling of Grietje
Grietje is already a sibling of Hans
Hans is already a sibling of Grietje
Grietje is already a sibling of Hans
Hans is already a sibling of Grietje
Grietje is already a sibling of Hans
Hans is already a sibling of Grietje
Grietje is already a sibling of Hans
Hans is already a sibling of Grietje
Grietje is already a sibling of Hans
Hans is already a sibling of Grietje
Grietje is already a sibling of Hans
Hans is already a sibling of Grietje
Grietje is already a sibling of Hans
Hans is already a sibling of Grietje
Grietje is already a sibling of Hans
Hans is already a sibling of Grietje
Grietje is already a sibling of Hans
Hans is already a sibling of Grietje
Grietje is already a sibling of Hans
Hans is already a sibling of Grietje
Grietje is already a sibling of Hans
Hans is already a sibling of Grietje
Grietje is already a sibling of Hans
Hans is already a sibling of Grietje
Grietje is already a sibling of Hans
Hans is already a sibling of Grietje
Grietje is already a sibling of Hans
Hans is already a sibling of Grietje
Grietje is already a sibling of Hans
Hans is already a sibling of Grietje
Grietje is already a sibling of Hans
Hans is already a sibling of Grietje
Grietje is already a sibling of Hans
Hans is already a sibling of Grietje
Grietje is already a sibling of Hans
Hans is already a sibling of Grietje
Grietje is already a sibling of Hans
Hans is already a sibling of Grietje
Grietje is already a sibling of Hans
Hans is already a sibling of Grietje
Grietje is already a sibling of Hans
Hans is already a sibling of Grietje
Grietje is already a sibling of Hans
Hans is already a sibling of Grietje
Grietje is already a sibling of Hans
Hans is already a sibling of Grietje
Grietje is already a sibling of Hans
Hans is already a sibling of Grietje
Grietje is already a sibling of Hans
Hans is already a sibling of Grietje
Grietje is already a sibling of Hans
Hans is already a sibling of Grietje
Grietje is already a sibling of Hans
Hans is already a sibling of Grietje
Grietje is already a sibling of Hans
Hans is already a sibling of Grietje
Grietje is already a sibling of Hans
Hans is already a sibling of Grietje
Grietje is already a sibling of Hans
Hans is already a sibling of Grietje
Grietje is already a sibling of Hans
Hans is already a sibling of Grietje
Grietje is already a sibling of Hans
Hans is already a sibling of Grietje
Grietje is already a sibling of Hans
Hans is already a sibling of Grietje
Grietje is already a sibling of Hans
Hans is already a sibling of Grietje
Grietje is already a sibling of Hans
Hans is already a sibling of Grietje
Grietje is already a sibling of Hans
Hans is already a sibling of Grietje
Grietje is already a sibling of Hans
Hans is already a sibling of Grietje
Grietje is already a sibling of Hans
Hans is already a sibling of Grietje
Grietje is already a sibling of Hans
Hans is already a sibling of Grietje
Grietje is already a sibling of Hans
Hans is already a sibling of Grietje
Grietje is already a sibling of Hans
Hans is already a sibling of Grietje
Grietje is already a sibling of Hans
Hans is already a sibling of Grietje
Grietje is already a sibling of Hans
Hans is already a sibling of Grietje
Grietje is already a sibling of Hans
Hans is already a sibling of Grietje
Grietje is already a sibling of Hans
Hans is already a sibling of Grietje
Grietje is already a sibling of Hans
Hans is already a sibling of Grietje
Grietje is already a sibling of Hans
Hans is already a sibling of Grietje
Grietje is already a sibling of Hans
Hans is already a sibling of Grietje
Grietje is already a sibling of Hans
Hans is already a sibling of Grietje
Grietje is already a sibling of Hans
Hans is already a sibling of Grietje
Grietje is already a sibling of Hans
Hans is already a sibling of Grietje
Grietje is already a sibling of Hans
Hans is already a sibling of Grietje
Grietje is already a sibling of Hans
Hans is already a sibling of Grietje
Grietje is already a sibling of Hans
Hans is already a sibling of Grietje
Grietje is already a sibling of Hans
Hans is already a sibling of Grietje
Grietje is already a sibling of Hans
Hans is already a sibling of Grietje
Grietje is already a sibling of Hans
Hans is already a sibling of Grietje
Grietje is already a sibling of Hans
Hans is already a sibling of Grietje
Grietje is already a sibling of Hans
Hans is already a sibling of Grietje
Grietje is already a sibling of Hans
Hans is already a sibling of Grietje
Grietje is already a sibling of Hans
Hans is already a sibling of Grietje
Grietje is already a sibling of Hans
Hans is already a sibling of Grietje
Grietje is already a sibling of Hans
Hans is already a sibling of Grietje
Grietje is already a sibling of Hans
Hans is already a sibling of Grietje
Grietje is already a sibling of Hans
Hans is already a sibling of Grietje
Grietje is already a sibling of Hans
Hans is already a sibling of Grietje
Grietje is already a sibling of Hans
Hans is already a sibling of Grietje
Grietje is already a sibling of Hans
Hans is already a sibling of Grietje
Grietje is already a sibling of Hans
Hans is already a sibling of Grietje
Grietje is already a sibling of Hans
Hans is already a sibling of Grietje
Grietje is already a sibling of Hans
Hans is already a sibling of Grietje
Grietje is already a sibling of Hans
Hans is already a sibling of Grietje
Grietje is already a sibling of Hans
Hans is already a sibling of Grietje
Grietje is already a sibling of Hans
Hans is already a sibling of Grietje
Grietje is already a sibling of Hans
Hans is already a sibling of Grietje
Grietje is already a sibling of Hans
Hans is already a sibling of Grietje
Grietje is already a sibling of Hans
Hans is already a sibling of Grietje
Grietje is already a sibling of Hans
Hans is already a sibling of Grietje
Grietje is already a sibling of Hans
Hans is already a sibling of Grietje
Grietje is already a sibling of Hans
Hans is already a sibling of Grietje
Grietje is already a sibling of Hans
Hans is already a sibling of Grietje
Grietje is already a sibling of Hans
Hans is already a sibling of Grietje
Grietje is already a sibling of Hans
Hans is already a sibling of Grietje
Grietje is already a sibling of Hans
Hans is already a sibling of Grietje
Grietje is already a sibling of Hans
Hans is already a sibling of Grietje
Grietje is already a sibling of Hans
Hans is already a sibling of Grietje
Grietje is already a sibling of Hans
Hans is already a sibling of Grietje
Grietje is already a sibling of Hans
Hans is already a sibling of Grietje
Grietje is already a sibling of Hans
Hans is already a sibling of Grietje
Grietje is already a sibling of Hans
Hans is already a sibling of Grietje
Grietje is already a sibling of Hans
Hans is already a sibling of Grietje
Grietje is already a sibling of Hans
Hans is already a sibling of Grietje
Grietje is already a sibling of Hans
Hans is already a sibling of Grietje
Grietje is already a sibling of Hans
Hans is already a sibling of Grietje
Grietje is already a sibling of Hans
Hans is already a sibling of Grietje
Grietje is already a sibling of Hans
Hans is already a sibling of Grietje
Grietje is already a sibling of Hans
Hans is already a sibling of Grietje
Grietje is already a sibling of Hans
Hans is already a sibling of Grietje
Grietje is already a sibling of Hans
Hans is already a sibling of Grietje
Grietje is already a sibling of Hans
Hans is already a sibling of Grietje
Grietje is already a sibling of Hans
Hans is already a sibling of Grietje
Grietje is already a sibling of Hans
Hans is already a sibling of Grietje
Grietje is already a sibling of Hans
Hans is already a sibling of Grietje
Grietje is already a sibling of Hans
Hans is already a sibling of Grietje
Grietje is already a sibling of Hans
Hans is already a sibling of Grietje
Grietje is already a sibling of Hans
Hans is already a sibling of Grietje
Grietje is already a sibling of Hans
Hans is already a sibling of Grietje
Grietje is already a sibling of Hans
Hans is already a sibling of Grietje
Grietje is already a sibling of Hans
Hans is already a sibling of Grietje
Grietje is already a sibling of Hans
Hans is already a sibling of Grietje
Grietje is already a sibling of Hans
Hans is already a sibling of Grietje
Grietje is already a sibling of Hans
Hans is already a sibling of Grietje
Grietje is already a sibling of Hans
Hans is already a sibling of Grietje
Grietje is already a sibling of Hans
Hans is already a sibling of Grietje
Grietje is already a sibling of Hans
Hans is already a sibling of Grietje
Grietje is already a sibling of Hans
Hans is already a sibling of Grietje
Grietje is already a sibling of Hans
Hans is already a sibling of Grietje
Grietje is already a sibling of Hans
Hans is already a sibling of Grietje
Grietje is already a sibling of Hans
Hans is already a sibling of Grietje
Grietje is already a sibling of Hans
Hans is already a sibling of Grietje
Grietje is already a sibling of Hans
Hans is already a sibling of Grietje
Grietje is already a sibling of Hans
Hans is already a sibling of Grietje
Grietje is already a sibling of Hans
Hans is already a sibling of Grietje
Grietje is already a sibling of Hans
Hans is already a sibling of Grietje
Grietje is already a sibling of Hans
Hans is already a sibling of Grietje
Grietje is already a sibling of Hans
Hans is already a sibling of Grietje
Grietje is already a sibling of Hans
Hans is already a sibling of Grietje
Grietje is already a sibling of Hans
Hans is already a sibling of Grietje
Grietje is already a sibling of Hans
Hans is already a sibling of Grietje
Grietje is already a sibling of Hans
Hans is already a sibling of Grietje
Grietje is already a sibling of Hans
Hans is already a sibling of Grietje
Grietje is already a sibling of Hans
Hans is already a sibling of Grietje
Grietje is already a sibling of Hans
Hans is already a sibling of Grietje
Grietje is already a sibling of Hans
Hans is already a sibling of Grietje
Grietje is already a sibling of Hans
Hans is already a sibling of Grietje
Grietje is already a sibling of Hans
Hans is already a sibling of Grietje
Grietje is already a sibling of Hans
Hans is already a sibling of Grietje
Grietje is already a sibling of Hans
Hans is already a sibling of Grietje
Grietje is already a sibling of Hans
Hans is already a sibling of Grietje
Grietje is already a sibling of Hans
Hans is already a sibling of Grietje
Grietje is already a sibling of Hans
Hans is already a sibling of Grietje
Grietje is already a sibling of Hans
Hans is already a sibling of Grietje
Grietje is already a sibling of Hans
Hans is already a sibling of Grietje
Grietje is already a sibling of Hans
Hans is already a sibling of Grietje
Grietje is already a sibling of Hans
Hans is already a sibling of Grietje
Grietje is already a sibling of Hans
Hans is already a sibling of Grietje
Grietje is already a sibling of Hans
Hans is already a sibling of Grietje
Grietje is already a sibling of Hans
Hans is already a sibling of Grietje
Grietje is already a sibling of Hans
Hans is already a sibling of Grietje
Grietje is already a sibling of Hans
Hans is already a sibling of Grietje
Grietje is already a sibling of Hans
Hans is already a sibling of Grietje
Grietje is already a sibling of Hans
Hans is already a sibling of Grietje
Grietje is already a sibling of Hans
Hans is already a sibling of Grietje
Grietje is already a sibling of Hans
Hans is already a sibling of Grietje
Grietje is already a sibling of Hans
Hans is already a sibling of Grietje
Grietje is already a sibling of Hans
Hans is already a sibling of Grietje
Grietje is already a sibling of Hans
Hans is already a sibling of Grietje
Grietje is already a sibling of Hans
Hans is already a sibling of Grietje
Grietje is already a sibling of Hans
Hans is already a sibling of Grietje
Grietje is already a sibling of Hans
Hans is already a sibling of Grietje
Grietje is already a sibling of Hans
Hans is already a sibling of Grietje
Grietje is already a sibling of Hans
Hans is already a sibling of Grietje
Grietje is already a sibling of Hans
Hans is already a sibling of Grietje
Grietje is already a sibling of Hans
Hans is already a sibling of Grietje
Grietje is already a sibling of Hans
Hans is already a sibling of Grietje
Grietje is already a sibling of Hans
Hans is already a sibling of Grietje
Grietje is already a sibling of Hans
Hans is already a sibling of Grietje
Grietje is already a sibling of Hans
Hans is already a sibling of Grietje
Grietje is already a sibling of Hans
Hans is already a sibling of Grietje
Grietje is already a sibling of Hans
Hans is already a sibling of Grietje
Grietje is already a sibling of Hans
Hans is already a sibling of Grietje
Grietje is already a sibling of Hans
Hans is already a sibling of Grietje
Grietje is already a sibling of Hans
Hans is already a sibling of Grietje
Grietje is already a sibling of Hans
Hans is already a sibling of Grietje
Grietje is already a sibling of Hans
Hans is already a sibling of Grietje
Grietje is already a sibling of Hans
Hans is already a sibling of Grietje
Grietje is already a sibling of Hans
Hans is already a sibling of Grietje
Grietje is already a sibling of Hans
Hans is already a sibling of Grietje
Grietje is already a sibling of Hans
Hans is already a sibling of Grietje
Grietje is already a sibling of Hans
Hans is already a sibling of Grietje
Grietje is already a sibling of Hans
Hans is already a sibling of Grietje
Grietje is already a sibling of Hans
Hans is already a sibling of Grietje
Grietje is already a sibling of Hans
Hans is already a sibling of Grietje
Grietje is already a sibling of Hans
Hans is already a sibling of Grietje
Grietje is already a sibling of Hans
Hans is already a sibling of Grietje
Grietje is already a sibling of Hans
Hans is already a sibling of Grietje
Grietje is already a sibling of Hans
Hans is already a sibling of Grietje
Grietje is already a sibling of Hans
Hans is already a sibling of Grietje
Grietje is already a sibling of Hans
Hans is already a sibling of Grietje
Grietje is already a sibling of Hans
Hans is already a sibling of Grietje
Grietje is already a sibling of Hans
Hans is already a sibling of Grietje
Grietje is already a sibling of Hans
Hans is already a sibling of Grietje
Grietje is already a sibling of Hans
Hans is already a sibling of Grietje
Grietje is already a sibling of Hans
Hans is already a sibling of Grietje
Grietje is already a sibling of Hans
Hans is already a sibling of Grietje
Grietje is already a sibling of Hans
Hans is already a sibling of Grietje
Grietje is already a sibling of Hans
Hans is already a sibling of Grietje
Grietje is already a sibling of Hans
Hans is already a sibling of Grietje
Grietje is already a sibling of Hans
Hans is already a sibling of Grietje
Grietje is already a sibling of Hans
Hans is already a sibling of Grietje
Grietje is already a sibling of Hans
Hans is already a sibling of Grietje
Grietje is already a sibling of Hans
Hans is already a sibling of Grietje
Grietje is already a sibling of Hans
Hans is already a sibling of Grietje
Grietje is already a sibling of Hans
Hans is already a sibling of Grietje
Grietje is already a sibling of Hans
Hans is already a sibling of Grietje
Grietje is already a sibling of Hans
Hans is already a sibling of Grietje
Grietje is already a sibling of Hans
Hans is already a sibling of Grietje
Grietje is already a sibling of Hans
Hans is already a sibling of Grietje
Grietje is already a sibling of Hans
Hans is already a sibling of Grietje
Grietje is already a sibling of Hans
Hans is already a sibling of Grietje
Grietje is already a sibling of Hans
Hans is already a sibling of Grietje
Grietje is already a sibling of Hans
Hans is already a sibling of Grietje
Grietje is already a sibling of Hans
Hans is already a sibling of Grietje
Grietje is already a sibling of Hans
Hans is already a sibling of Grietje
Grietje is already a sibling of Hans
Hans is already a sibling of Grietje
Grietje is already a sibling of Hans
Hans is already a sibling of Grietje
Grietje is already a sibling of Hans
Hans is already a sibling of Grietje
Grietje is already a sibling of Hans
Hans is already a sibling of Grietje
Grietje is already a sibling of Hans
Hans is already a sibling of Grietje
Grietje is already a sibling of Hans
Hans is already a sibling of Grietje
Grietje is already a sibling of Hans
Hans is already a sibling of Grietje
Grietje is already a sibling of Hans
Hans is already a sibling of Grietje
Grietje is already a sibling of Hans
Hans is already a sibling of Grietje
Grietje is already a sibling of Hans
Hans is already a sibling of Grietje
Grietje is already a sibling of Hans
Hans is already a sibling of Grietje
Grietje is already a sibling of Hans
Hans is already a sibling of Grietje
Grietje is already a sibling of Hans
Hans is already a sibling of Grietje
Grietje is already a sibling of Hans
Hans is already a sibling of Grietje
Grietje is already a sibling of Hans
Hans is already a sibling of Grietje
Grietje is already a sibling of Hans
Hans is already a sibling of Grietje
Grietje is already a sibling of Hans
Hans is already a sibling of Grietje
Grietje is already a sibling of Hans
Hans is already a sibling of Grietje
Grietje is already a sibling of Hans
Hans is already a sibling of Grietje
Grietje is already a sibling of Hans
Hans is already a sibling of Grietje
Grietje is already a sibling of Hans
Hans is already a sibling of Grietje
Grietje is already a sibling of Hans
Hans is already a sibling of Grietje
Grietje is already a sibling of Hans
Hans is already a sibling of Grietje
Grietje is already a sibling of Hans
Hans is already a sibling of Grietje
Grietje is already a sibling of Hans
Hans is already a sibling of Grietje
Grietje is already a sibling of Hans
Hans is already a sibling of Grietje
Grietje is already a sibling of Hans
Hans is already a sibling of Grietje
Grietje is already a sibling of Hans
Hans is already a sibling of Grietje
Grietje is already a sibling of Hans
Hans is already a sibling of Grietje
Grietje is already a sibling of Hans
Hans is already a sibling of Grietje
Grietje is already a sibling of Hans
Hans is already a sibling of Grietje
Grietje is already a sibling of Hans
Hans is already a sibling of Grietje
Grietje is already a sibling of Hans
Hans is already a sibling of Grietje
Grietje is already a sibling of Hans
Hans is already a sibling of Grietje
Grietje is already a sibling of Hans
Hans is already a sibling of Grietje
Grietje is already a sibling of Hans
Hans is already a sibling of Grietje
Grietje is already a sibling of Hans
Hans is already a sibling of Grietje
Grietje is already a sibling of Hans
Hans is already a sibling of Grietje
Grietje is already a sibling of Hans
Hans is already a sibling of Grietje
Grietje is already a sibling of Hans
Hans is already a sibling of Grietje
Grietje is already a sibling of Hans
Hans is already a sibling of Grietje
Grietje is already a sibling of Hans
Hans is already a sibling of Grietje
Grietje is already a sibling of Hans
Hans is already a sibling of Grietje
Grietje is already a sibling of Hans
Hans is already a sibling of Grietje
Grietje is already a sibling of Hans
Hans is already a sibling of Grietje
Grietje is already a sibling of Hans
Hans is already a sibling of Grietje
Grietje is already a sibling of Hans
Hans is already a sibling of Grietje
Grietje is already a sibling of Hans
Hans is already a sibling of Grietje
Grietje is already a sibling of Hans
Hans is already a sibling of Grietje
Grietje is already a sibling of Hans
Hans is already a sibling of Grietje
Grietje is already a sibling of Hans
Hans is already a sibling of Grietje
Grietje is already a sibling of Hans
Hans is already a sibling of Grietje
Grietje is already a sibling of Hans
Hans is already a sibling of Grietje
Grietje is already a sibling of Hans
Hans is already a sibling of Grietje
Grietje is already a sibling of Hans
Hans is already a sibling of Grietje
Grietje is already a sibling of Hans
Hans is already a sibling of Grietje
Grietje is already a sibling of Hans
Hans is already a sibling of Grietje
Grietje is already a sibling of Hans
Hans is already a sibling of Grietje
Grietje is already a sibling of Hans
Hans is already a sibling of Grietje
Grietje is already a sibling of Hans
Hans is already a sibling of Grietje
Grietje is already a sibling of Hans
Hans is already a sibling of Grietje
Grietje is already a sibling of Hans
Hans is already a sibling of Grietje
Grietje is already a sibling of Hans
Hans is already a sibling of Grietje
Grietje is already a sibling of Hans
Hans is already a sibling of Grietje
Grietje is already a sibling of Hans
Hans is already a sibling of Grietje
Grietje is already a sibling of Hans
Hans is already a sibling of Grietje
Grietje is already a sibling of Hans
Hans is already a sibling of Grietje
Grietje is already a sibling of Hans
Hans is already a sibling of Grietje
Grietje is already a sibling of Hans
Hans is already a sibling of Grietje
Grietje is already a sibling of Hans
Hans is already a sibling of Grietje
Grietje is already a sibling of Hans
Hans is already a sibling of Grietje
Grietje is already a sibling of Hans
Hans is already a sibling of Grietje
Grietje is already a sibling of Hans
Hans is already a sibling of Grietje
Grietje is already a sibling of Hans
Hans is already a sibling of Grietje
Grietje is already a sibling of Hans
Hans is already a sibling of Grietje
Grietje is already a sibling of Hans
Hans is already a sibling of Grietje
Grietje is already a sibling of Hans
Hans is already a sibling of Grietje
Grietje is already a sibling of Hans
Hans is already a sibling of Grietje
Grietje is already a sibling of Hans
Hans is already a sibling of Grietje
Grietje is already a sibling of Hans
Hans is already a sibling of Grietje
Grietje is already a sibling of Hans
Hans is already a sibling of Grietje
Grietje is already a sibling of Hans
Hans is already a sibling of Grietje
Grietje is already a sibling of Hans
Hans is already a sibling of Grietje
Grietje is already a sibling of Hans
Hans is already a sibling of Grietje
Grietje is already a sibling of Hans
Hans is already a sibling of Grietje
Grietje is already a sibling of Hans
Hans is already a sibling of Grietje
Grietje is already a sibling of Hans
Hans is already a sibling of Grietje
Grietje is already a sibling of Hans
Hans is already a sibling of Grietje
Grietje is already a sibling of Hans
Hans is already a sibling of Grietje
Grietje is already a sibling of Hans
Hans is already a sibling of Grietje
Grietje is already a sibling of Hans
Hans is already a sibling of Grietje
Grietje is already a sibling of Hans
Hans is already a sibling of Grietje
Grietje is already a sibling of Hans
Hans is already a sibling of Grietje
Grietje is already a sibling of Hans
Hans is already a sibling of Grietje
Grietje is already a sibling of Hans
Hans is already a sibling of Grietje
Grietje is already a sibling of Hans
Hans is already a sibling of Grietje
Grietje is already a sibling of Hans
Hans is already a sibling of Grietje
Grietje is already a sibling of Hans
Hans is already a sibling of Grietje
Grietje is already a sibling of Hans
Hans is already a sibling of Grietje
Grietje is already a sibling of Hans
Hans is already a sibling of Grietje
Grietje is already a sibling of Hans
Hans is already a sibling of Grietje
Grietje is already a sibling of Hans
Hans is already a sibling of Grietje
Grietje is already a sibling of Hans
Hans is already a sibling of Grietje
Grietje is already a sibling of Hans
Hans is already a sibling of Grietje
Grietje is already a sibling of Hans
Hans is already a sibling of Grietje
Grietje is already a sibling of Hans
Hans is already a sibling of Grietje
Grietje is already a sibling of Hans
Hans is already a sibling of Grietje
Grietje is already a sibling of Hans
Hans is already a sibling of Grietje
Grietje is already a sibling of Hans
Hans is already a sibling of Grietje
Grietje is already a sibling of Hans
Hans is already a sibling of Grietje
Grietje is already a sibling of Hans
Hans is already a sibling of Grietje
Grietje is already a sibling of Hans
Hans is already a sibling of Grietje
Grietje is already a sibling of Hans
Hans is already a sibling of Grietje
Grietje is already a sibling of Hans
Hans is already a sibling of Grietje
Grietje is already a sibling of Hans
Hans is already a sibling of Grietje
Grietje is already a sibling of Hans
Hans is already a sibling of Grietje
Grietje is already a sibling of Hans
Hans is already a sibling of Grietje
Grietje is already a sibling of Hans
Hans is already a sibling of Grietje
Grietje is already a sibling of Hans
Hans is already a sibling of Grietje
Grietje is already a sibling of Hans
Hans is already a sibling of Grietje
Grietje is already a sibling of Hans
Hans is already a sibling of Grietje
Grietje is already a sibling of Hans
Hans is already a sibling of Grietje
Grietje is already a sibling of Hans
Hans is already a sibling of Grietje
Grietje is already a sibling of Hans
Hans is already a sibling of Grietje
Grietje is already a sibling of Hans
Hans is already a sibling of Grietje
Grietje is already a sibling of Hans
Hans is already a sibling of Grietje
Grietje is already a sibling of Hans
Hans is already a sibling of Grietje
Grietje is already a sibling of Hans
Hans is already a sibling of Grietje
Grietje is already a sibling of Hans
Hans is already a sibling of Grietje
Grietje is already a sibling of Hans
Hans is already a sibling of Grietje
Grietje is already a sibling of Hans
Hans is already a sibling of Grietje
Grietje is already a sibling of Hans
Hans is already a sibling of Grietje
Grietje is already a sibling of Hans
Hans is already a sibling of Grietje
Grietje is already a sibling of Hans
Hans is already a sibling of Grietje
Grietje is already a sibling of Hans
Hans is already a sibling of Grietje
Grietje is already a sibling of Hans
Hans is already a sibling of Grietje
Grietje is already a sibling of Hans
Hans is already a sibling of Grietje
Grietje is already a sibling of Hans
Hans is already a sibling of Grietje
Grietje is already a sibling of Hans
Hans is already a sibling of Grietje
Grietje is already a sibling of Hans
Hans is already a sibling of Grietje
Grietje is already a sibling of Hans
Hans is already a sibling of Grietje
Grietje is already a sibling of Hans
Hans is already a sibling of Grietje
Grietje is already a sibling of Hans
Hans is already a sibling of Grietje
Grietje is already a sibling of Hans
Hans is already a sibling of Grietje
Grietje is already a sibling of Hans
Hans is already a sibling of Grietje
Grietje is already a sibling of Hans
Hans is already a sibling of Grietje
Grietje is already a sibling of Hans
Hans is already a sibling of Grietje
Grietje is already a sibling of Hans
Hans is already a sibling of Grietje
Grietje is already a sibling of Hans
Hans is already a sibling of Grietje
Grietje is already a sibling of Hans
Hans is already a sibling of Grietje
Grietje is already a sibling of Hans
Hans is already a sibling of Grietje
Grietje is already a sibling of Hans
Hans is already a sibling of Grietje
Grietje is already a sibling of Hans
Hans is already a sibling of Grietje
Grietje is already a sibling of Hans
Hans is already a sibling of Grietje
Grietje is already a sibling of Hans
Hans is already a sibling of Grietje
Grietje is already a sibling of Hans
Hans is already a sibling of Grietje
Grietje is already a sibling of Hans
Hans is already a sibling of Grietje
Grietje is already a sibling of Hans
Hans is already a sibling of Grietje
Grietje is already a sibling of Hans
Hans is already a sibling of Grietje
Grietje is already a sibling of Hans
Hans is already a sibling of Grietje
Grietje is already a sibling of Hans
Hans is already a sibling of Grietje
Grietje is already a sibling of Hans
Hans is already a sibling of Grietje
Grietje is already a sibling of Hans
Hans is already a sibling of Grietje
Grietje is already a sibling of Hans
Hans is already a sibling of Grietje
Grietje is already a sibling of Hans
Hans is already a sibling of Grietje
Grietje is already a sibling of Hans
Hans is already a sibling of Grietje
Grietje is already a sibling of Hans
Hans is already a sibling of Grietje
Grietje is already a sibling of Hans
Hans is already a sibling of Grietje
Grietje is already a sibling of Hans
Hans is already a sibling of Grietje
Grietje is already a sibling of Hans
Hans is already a sibling of Grietje
Grietje is already a sibling of Hans
Hans is already a sibling of Grietje
Grietje is already a sibling of Hans
Hans is already a sibling of Grietje
Grietje is already a sibling of Hans
Hans is already a sibling of Grietje
Grietje is already a sibling of Hans
Hans is already a sibling of Grietje
Grietje is already a sibling of Hans
Hans is already a sibling of Grietje
Grietje is already a sibling of Hans
Hans is already a sibling of Grietje
Grietje is already a sibling of Hans
Hans is already a sibling of Grietje
Grietje is already a sibling of Hans
Hans is already a sibling of Grietje
Grietje is already a sibling of Hans
Hans is already a sibling of Grietje
Grietje is already a sibling of Hans
Hans is already a sibling of Grietje
Grietje is already a sibling of Hans
Hans is already a sibling of Grietje
Grietje is already a sibling of Hans
Hans is already a sibling of Grietje
Grietje is already a sibling of Hans
Hans is already a sibling of Grietje
Grietje is already a sibling of Hans
Hans is already a sibling of Grietje
Grietje is already a sibling of Hans
Hans is already a sibling of Grietje
Grietje is already a sibling of Hans
Hans is already a sibling of Grietje
Grietje is already a sibling of Hans
Hans is already a sibling of Grietje
Grietje is already a sibling of Hans
Hans is already a sibling of Grietje
Grietje is already a sibling of Hans
Hans is already a sibling of Grietje
Grietje is already a sibling of Hans
Hans is already a sibling of Grietje
Grietje is already a sibling of Hans
Hans is already a sibling of Grietje
Grietje is already a sibling of Hans
Hans is already a sibling of Grietje
Grietje is already a sibling of Hans
Hans is already a sibling of Grietje
Grietje is already a sibling of Hans
Hans is already a sibling of Grietje
Grietje is already a sibling of Hans
Hans is already a sibling of Grietje
Grietje is already a sibling of Hans
Hans is already a sibling of Grietje
Grietje is already a sibling of Hans
Hans is already a sibling of Grietje
Grietje is already a sibling of Hans
Hans is already a sibling of Grietje
Grietje is already a sibling of Hans
Hans is already a sibling of Grietje
Grietje is already a sibling of Hans
Hans is already a sibling of Grietje
Grietje is already a sibling of Hans
Hans is already a sibling of Grietje
Grietje is already a sibling of Hans
Hans is already a sibling of Grietje
Grietje is already a sibling of Hans
Hans is already a sibling of Grietje
Grietje is already a sibling of Hans
Hans is already a sibling of Grietje
Grietje is already a sibling of Hans
Hans is already a sibling of Grietje
Grietje is already a sibling of Hans
Hans is already a sibling of Grietje
Grietje is already a sibling of Hans
Hans is already a sibling of Grietje
Grietje is already a sibling of Hans
Hans is already a sibling of Grietje
Grietje is already a sibling of Hans
Hans is already a sibling of Grietje
Grietje is already a sibling of Hans
Hans is already a sibling of Grietje
Grietje is already a sibling of Hans
Hans is already a sibling of Grietje
Grietje is already a sibling of Hans
Hans is already a sibling of Grietje
Grietje is already a sibling of Hans
Hans is already a sibling of Grietje
Grietje is already a sibling of Hans
Hans is already a sibling of Grietje
Grietje is already a sibling of Hans
Hans is already a sibling of Grietje
Grietje is already a sibling of Hans
Hans is already a sibling of Grietje
Grietje is already a sibling of Hans
Hans is already a sibling of Grietje
Grietje is already a sibling of Hans
Hans is already a sibling of Grietje
Grietje is already a sibling of Hans
Hans is already a sibling of Grietje
Grietje is already a sibling of Hans
Hans is already a sibling of Grietje
Grietje is already a sibling of Hans
Hans is already a sibling of Grietje
Grietje is already a sibling of Hans
Hans is already a sibling of Grietje
Grietje is already a sibling of Hans
Hans is already a sibling of Grietje
Grietje is already a sibling of Hans
Hans is already a sibling of Grietje
Grietje is already a sibling of Hans
Hans is already a sibling of Grietje
Grietje is already a sibling of Hans
Hans is already a sibling of Grietje
Grietje is already a sibling of Hans
Hans is already a sibling of Grietje
Grietje is already a sibling of Hans
Hans is already a sibling of Grietje
Grietje is already a sibling of Hans
Hans is already a sibling of Grietje
Grietje is already a sibling of Hans
Hans is already a sibling of Grietje
Grietje is already a sibling of Hans
Hans is already a sibling of Grietje
Grietje is already a sibling of Hans
Hans is already a sibling of Grietje
Grietje is already a sibling of Hans
Hans is already a sibling of Grietje
Grietje is already a sibling of Hans
Hans is already a sibling of Grietje
Grietje is already a sibling of Hans
Hans is already a sibling of Grietje
Grietje is already a sibling of Hans
Hans is already a sibling of Grietje
Grietje is already a sibling of Hans
Hans is already a sibling of Grietje
Grietje is already a sibling of Hans
Hans is already a sibling of Grietje
Grietje is already a sibling of Hans
Hans is already a sibling of Grietje
Grietje is already a sibling of Hans
Hans is already a sibling of Grietje
Grietje is already a sibling of Hans
Hans is already a sibling of Grietje
Grietje is already a sibling of Hans
Hans is already a sibling of Grietje
Grietje is already a sibling of Hans
Hans is already a sibling of Grietje
Grietje is already a sibling of Hans
Hans is already a sibling of Grietje
Grietje is already a sibling of Hans
Hans is already a sibling of Grietje
Grietje is already a sibling of Hans
Hans is already a sibling of Grietje
Grietje is already a sibling of Hans
Hans is already a sibling of Grietje
Grietje is already a sibling of Hans
Hans is already a sibling of Grietje
Grietje is already a sibling of Hans
Hans is already a sibling of Grietje
Grietje is already a sibling of Hans
Hans is already a sibling of Grietje
Grietje is already a sibling of Hans
Hans is already a sibling of Grietje
Grietje is already a sibling of Hans
Hans is already a sibling of Grietje
Grietje is already a sibling of Hans
Hans is already a sibling of Grietje
Grietje is already a sibling of Hans
Hans is already a sibling of Grietje
Grietje is already a sibling of Hans
Hans is already a sibling of Grietje
Grietje is already a sibling of Hans
Hans is already a sibling of Grietje
Grietje is already a sibling of Hans
Hans is already a sibling of Grietje
Grietje is already a sibling of Hans
Hans is already a sibling of Grietje
Grietje is already a sibling of Hans
Hans is already a sibling of Grietje
Grietje is already a sibling of Hans
Hans is already a sibling of Grietje
Grietje is already a sibling of Hans
Hans is already a sibling of Grietje
Grietje is already a sibling of Hans
Hans is already a sibling of Grietje
Grietje is already a sibling of Hans
Hans is already a sibling of Grietje
Grietje is already a sibling of Hans
Hans is already a sibling of Grietje
Grietje is already a sibling of Hans
Hans is already a sibling of Grietje
Grietje is already a sibling of Hans
Hans is already a sibling of Grietje
Grietje is already a sibling of Hans
Hans is already a sibling of Grietje
Grietje is already a sibling of Hans
Hans is already a sibling of Grietje
Grietje is already a sibling of Hans
Hans is already a sibling of Grietje
Grietje is already a sibling of Hans
Hans is already a sibling of Grietje
Grietje is already a sibling of Hans
Hans is already a sibling of Grietje
Grietje is already a sibling of Hans
Hans is already a sibling of Grietje
Grietje is already a sibling of Hans
Hans is already a sibling of Grietje
Grietje is already a sibling of Hans
Hans is already a sibling of Grietje
Grietje is already a sibling of Hans
Hans is already a sibling of Grietje
Grietje is already a sibling of Hans
Hans is already a sibling of Grietje
Grietje is already a sibling of Hans
Hans is already a sibling of Grietje
Grietje is already a sibling of Hans
Hans is already a sibling of Grietje
Grietje is already a sibling of Hans
Hans is already a sibling of Grietje
Grietje is already a sibling of Hans
Hans is already a sibling of Grietje
Grietje is already a sibling of Hans
Hans is already a sibling of Grietje
Grietje is already a sibling of Hans
Hans is already a sibling of Grietje
Grietje is already a sibling of Hans
Hans is already a sibling of Grietje
Grietje is already a sibling of Hans
Hans is already a sibling of Grietje
Grietje is already a sibling of Hans
Hans is already a sibling of Grietje
Grietje is already a sibling of Hans
Hans is already a sibling of Grietje
Grietje is already a sibling of Hans
Hans is already a sibling of Grietje
Grietje is already a sibling of Hans
Hans is already a sibling of Grietje
Grietje is already a sibling of Hans
Hans is already a sibling of Grietje
Grietje is already a sibling of Hans
Hans is already a sibling of Grietje
Grietje is already a sibling of Hans
Hans is already a sibling of Grietje
Grietje is already a sibling of Hans
Hans is already a sibling of Grietje
Grietje is already a sibling of Hans
Hans is already a sibling of Grietje
Grietje is already a sibling of Hans
Hans is already a sibling of Grietje
Grietje is already a sibling of Hans
Hans is already a sibling of Grietje
Grietje is already a sibling of Hans
Hans is already a sibling of Grietje
Grietje is already a sibling of Hans
Hans is already a sibling of Grietje
Grietje is already a sibling of Hans
Hans is already a sibling of Grietje
Grietje is already a sibling of Hans
Hans is already a sibling of Grietje
Grietje is already a sibling of Hans
Hans is already a sibling of Grietje
Grietje is already a sibling of Hans
Hans is already a sibling of Grietje
Grietje is already a sibling of Hans
Hans is already a sibling of Grietje
Grietje is already a sibling of Hans
Hans is already a sibling of Grietje
Grietje is already a sibling of Hans
Hans is already a sibling of Grietje
Grietje is already a sibling of Hans
Hans is already a sibling of Grietje
Grietje is already a sibling of Hans
Hans is already a sibling of Grietje
Grietje is already a sibling of Hans
Hans is already a sibling of Grietje
Grietje is already a sibling of Hans
Hans is already a sibling of Grietje
Grietje is already a sibling of Hans
Hans is already a sibling of Grietje
Grietje is already a sibling of Hans
Hans is already a sibling of Grietje
Grietje is already a sibling of Hans
Hans is already a sibling of Grietje
Grietje is already a sibling of Hans
Hans is already a sibling of Grietje
Grietje is already a sibling of Hans
Hans is already a sibling of Grietje
Grietje is already a sibling of Hans
Hans is already a sibling of Grietje
Grietje is already a sibling of Hans
Hans is already a sibling of Grietje
Grietje is already a sibling of Hans
Hans is already a sibling of Grietje
Grietje is already a sibling of Hans
Hans is already a sibling of Grietje
Grietje is already a sibling of Hans
Hans is already a sibling of Grietje
Grietje is already a sibling of Hans
Hans is already a sibling of Grietje
Grietje is already a sibling of Hans
Hans is already a sibling of Grietje
Grietje is already a sibling of Hans
Hans is already a sibling of Grietje
Grietje is already a sibling of Hans
Hans is already a sibling of Grietje
Grietje is already a sibling of Hans
Hans is already a sibling of Grietje
Grietje is already a sibling of Hans
Hans is already a sibling of Grietje
Grietje is already a sibling of Hans
Hans is already a sibling of Grietje
Grietje is already a sibling of Hans
Hans is already a sibling of Grietje
Grietje is already a sibling of Hans
Hans is already a sibling of Grietje
Grietje is already a sibling of Hans
Hans is already a sibling of Grietje
Grietje is already a sibling of Hans
Hans is already a sibling of Grietje
Grietje is already a sibling of Hans
Hans is already a sibling of Grietje
Grietje is already a sibling of Hans
Hans is already a sibling of Grietje
Grietje is already a sibling of Hans
Hans is already a sibling of Grietje
Grietje is already a sibling of Hans
Hans is already a sibling of Grietje
Grietje is already a sibling of Hans
Hans is already a sibling of Grietje
Grietje is already a sibling of Hans
Hans is already a sibling of Grietje
Grietje is already a sibling of Hans
Hans is already a sibling of Grietje
Grietje is already a sibling of Hans
Hans is already a sibling of Grietje
Grietje is already a sibling of Hans
Hans is already a sibling of Grietje
Grietje is already a sibling of Hans
Hans is already a sibling of Grietje
Grietje is already a sibling of Hans
Hans is already a sibling of Grietje
Grietje is already a sibling of Hans
Hans is already a sibling of Grietje
Grietje is already a sibling of Hans
Hans is already a sibling of Grietje
Grietje is already a sibling of Hans
Hans is already a sibling of Grietje
Grietje is already a sibling of Hans
Hans is already a sibling of Grietje
Grietje is already a sibling of Hans
Hans is already a sibling of Grietje
Grietje is already a sibling of Hans
Hans is already a sibling of Grietje
Grietje is already a sibling of Hans
Hans is already a sibling of Grietje
Grietje is already a sibling of Hans
Hans is already a sibling of Grietje
Grietje is already a sibling of Hans
Hans is already a sibling of Grietje
Grietje is already a sibling of Hans
Hans is already a sibling of Grietje
Grietje is already a sibling of Hans
Hans is already a sibling of Grietje
Grietje is already a sibling of Hans
Hans is already a sibling of Grietje
Grietje is already a sibling of Hans
Hans is already a sibling of Grietje
Grietje is already a sibling of Hans
Hans is already a sibling of Grietje
Grietje is already a sibling of Hans
Hans is already a sibling of Grietje
Grietje is already a sibling of Hans
Hans is already a sibling of Grietje
Grietje is already a sibling of Hans
Hans is already a sibling of Grietje
Grietje is already a sibling of Hans
Hans is already a sibling of Grietje
Grietje is already a sibling of Hans
Hans is already a sibling of Grietje
Grietje is already a sibling of Hans
Hans is already a sibling of Grietje
Grietje is already a sibling of Hans
Hans is already a sibling of Grietje
Grietje is already a sibling of Hans
Hans is already a sibling of Grietje
Grietje is already a sibling of Hans
Hans is already a sibling of Grietje
Grietje is already a sibling of Hans
Hans is already a sibling of Grietje
Grietje is already a sibling of Hans
Hans is already a sibling of Grietje
Grietje is already a sibling of Hans
Hans is already a sibling of Grietje
Grietje is already a sibling of Hans
Hans is already a sibling of Grietje
Grietje is already a sibling of Hans
Hans is already a sibling of Grietje
Grietje is already a sibling of Hans
Hans is already a sibling of Grietje
Grietje is already a sibling of Hans
Hans is already a sibling of Grietje
Grietje is already a sibling of Hans
Hans is already a sibling of Grietje
Grietje is already a sibling of Hans
Hans is already a sibling of Grietje
Grietje is already a sibling of Hans
Hans is already a sibling of Grietje
Grietje is already a sibling of Hans
Hans is already a sibling of Grietje
Grietje is already a sibling of Hans
Hans is already a sibling of Grietje
Grietje is already a sibling of Hans
Hans is already a sibling of Grietje
Grietje is already a sibling of Hans
Hans is already a sibling of Grietje
Grietje is already a sibling of Hans
Hans is already a sibling of Grietje
Grietje is already a sibling of Hans
Hans is already a sibling of Grietje
Grietje is already a sibling of Hans
Hans is already a sibling of Grietje
Grietje is already a sibling of Hans
Hans is already a sibling of Grietje
Grietje is already a sibling of Hans
Hans is already a sibling of Grietje
Grietje is already a sibling of Hans
Hans is already a sibling of Grietje
Grietje is already a sibling of Hans
Hans is already a sibling of Grietje
Grietje is already a sibling of Hans
Hans is already a sibling of Grietje
Grietje is already a sibling of Hans
Hans is already a sibling of Grietje
Grietje is already a sibling of Hans
Hans is already a sibling of Grietje
Grietje is already a sibling of Hans
Hans is already a sibling of Grietje
Grietje is already a sibling of Hans
Hans is already a sibling of Grietje
Grietje is already a sibling of Hans
Hans is already a sibling of Grietje
Grietje is already a sibling of Hans
Hans is already a sibling of Grietje
Grietje is already a sibling of Hans
Hans is already a sibling of Grietje
Grietje is already a sibling of Hans
Hans is already a sibling of Grietje
Grietje is already a sibling of Hans
Hans is already a sibling of Grietje
Grietje is already a sibling of Hans
Hans is already a sibling of Grietje
Grietje is already a sibling of Hans
Hans is already a sibling of Grietje
Grietje is already a sibling of Hans
Hans is already a sibling of Grietje
Grietje is already a sibling of Hans
Hans is already a sibling of Grietje
Grietje is already a sibling of Hans
Hans is already a sibling of Grietje
Grietje is already a sibling of Hans
Hans is already a sibling of Grietje
Grietje is already a sibling of Hans
Hans is already a sibling of Grietje
Grietje is already a sibling of Hans
Hans is already a sibling of Grietje
Grietje is already a sibling of Hans
Hans is already a sibling of Grietje
Grietje is already a sibling of Hans
Hans is already a sibling of Grietje
Grietje is already a sibling of Hans
Hans is already a sibling of Grietje
Grietje is already a sibling of Hans
Hans is already a sibling of Grietje
Grietje is already a sibling of Hans
Hans is already a sibling of Grietje
Grietje is already a sibling of Hans
Hans is already a sibling of Grietje
Grietje is already a sibling of Hans
Hans is already a sibling of Grietje
Grietje is already a sibling of Hans
Hans is already a sibling of Grietje
Grietje is already a sibling of Hans
Hans is already a sibling of Grietje
Grietje is already a sibling of Hans
Hans is already a sibling of Grietje
Grietje is already a sibling of Hans
Hans is already a sibling of Grietje
Grietje is already a sibling of Hans
Hans is already a sibling of Grietje
Grietje is already a sibling of Hans
Hans is already a sibling of Grietje
Grietje is already a sibling of Hans
Hans is already a sibling of Grietje
Grietje is already a sibling of Hans
Hans is already a sibling of Grietje
Grietje is already a sibling of Hans
Hans is already a sibling of Grietje
Grietje is already a sibling of Hans
Hans is already a sibling of Grietje
Grietje is already a sibling of Hans
Hans is already a sibling of Grietje
Grietje is already a sibling of Hans
Hans is already a sibling of Grietje
Grietje is already a sibling of Hans
Hans is already a sibling of Grietje
Grietje is already a sibling of Hans
Hans is already a sibling of Grietje
Grietje is already a sibling of Hans
Hans is already a sibling of Grietje
Grietje is already a sibling of Hans
Hans is already a sibling of Grietje
Grietje is already a sibling of Hans
Hans is already a sibling of Grietje
Grietje is already a sibling of Hans
Hans is already a sibling of Grietje
Grietje is already a sibling of Hans
Hans is already a sibling of Grietje
Grietje is already a sibling of Hans
Hans is already a sibling of Grietje
Grietje is already a sibling of Hans
Hans is already a sibling of Grietje
Grietje is already a sibling of Hans
Hans is already a sibling of Grietje
Grietje is already a sibling of Hans
Hans is already a sibling of Grietje
Grietje is already a sibling of Hans
Hans is already a sibling of Grietje
Grietje is already a sibling of Hans
Hans is already a sibling of Grietje
Grietje is already a sibling of Hans
Hans is already a sibling of Grietje
Grietje is already a sibling of Hans
Hans is already a sibling of Grietje
Grietje is already a sibling of Hans
Hans is already a sibling of Grietje
Grietje is already a sibling of Hans
Hans is already a sibling of Grietje
Grietje is already a sibling of Hans
Hans is already a sibling of Grietje
Grietje is already a sibling of Hans
Hans is already a sibling of Grietje
Grietje is already a sibling of Hans
Hans is already a sibling of Grietje
Grietje is already a sibling of Hans
Hans is already a sibling of Grietje
Grietje is already a sibling of Hans
Hans is already a sibling of Grietje
Grietje is already a sibling of Hans
Hans is already a sibling of Grietje
Grietje is already a sibling of Hans
Hans is already a sibling of Grietje
Grietje is already a sibling of Hans
Hans is already a sibling of Grietje
Grietje is already a sibling of Hans
Hans is already a sibling of Grietje
Grietje is already a sibling of Hans
Hans is already a sibling of Grietje
Grietje is already a sibling of Hans
Hans is already a sibling of Grietje
Grietje is already a sibling of Hans
Hans is already a sibling of Grietje
Grietje is already a sibling of Hans
Hans is already a sibling of Grietje
Grietje is already a sibling of Hans
Hans is already a sibling of Grietje
Grietje is already a sibling of Hans
Hans is already a sibling of Grietje
Grietje is already a sibling of Hans
Hans is already a sibling of Grietje
Grietje is already a sibling of Hans
Hans is already a sibling of Grietje
Grietje is already a sibling of Hans
Hans is already a sibling of Grietje
Grietje is already a sibling of Hans
Hans is already a sibling of Grietje
Grietje is already a sibling of Hans
Hans is already a sibling of Grietje
Grietje is already a sibling of Hans
Hans is already a sibling of Grietje
Grietje is already a sibling of Hans
Hans is already a sibling of Grietje
Grietje is already a sibling of Hans
Hans is already a sibling of Grietje
Grietje is already a sibling of Hans
Hans is already a sibling of Grietje
Grietje is already a sibling of Hans
Hans is already a sibling of Grietje
Grietje is already a sibling of Hans
Hans is already a sibling of Grietje
Grietje is already a sibling of Hans
Hans is already a sibling of Grietje
Grietje is already a sibling of Hans
Hans is already a sibling of Grietje
Grietje is already a sibling of Hans
Hans is already a sibling of Grietje
Grietje is already a sibling of Hans
Hans is already a sibling of Grietje
Grietje is already a sibling of Hans
Hans is already a sibling of Grietje
Grietje is already a sibling of Hans
Hans is already a sibling of Grietje
Grietje is already a sibling of Hans
Hans is already a sibling of Grietje
Grietje is already a sibling of Hans
Hans is already a sibling of Grietje
Grietje is already a sibling of Hans
Hans is already a sibling of Grietje
Grietje is already a sibling of Hans
Hans is already a sibling of Grietje
Grietje is already a sibling of Hans
Hans is already a sibling of Grietje
Grietje is already a sibling of Hans
Hans is already a sibling of Grietje
Grietje is already a sibling of Hans
Hans is already a sibling of Grietje
Grietje is already a sibling of Hans
Hans is already a sibling of Grietje
Grietje is already a sibling of Hans
Hans is already a sibling of Grietje
Grietje is already a sibling of Hans
Hans is already a sibling of Grietje
Grietje is already a sibling of Hans
Hans is already a sibling of Grietje
Grietje is already a sibling of Hans
Hans is already a sibling of Grietje
Grietje is already a sibling of Hans
Hans is already a sibling of Grietje
Grietje is already a sibling of Hans
Hans is already a sibling of Grietje
Grietje is already a sibling of Hans
Hans is already a sibling of Grietje
Grietje is already a sibling of Hans
Hans is already a sibling of Grietje
Grietje is already a sibling of Hans
Hans is already a sibling of Grietje
Grietje is already a sibling of Hans
Hans is already a sibling of Grietje
Grietje is already a sibling of Hans
Hans is already a sibling of Grietje
Grietje is already a sibling of Hans
Hans is already a sibling of Grietje
Grietje is already a sibling of Hans
Hans is already a sibling of Grietje
Grietje is already a sibling of Hans
Hans is already a sibling of Grietje
Grietje is already a sibling of Hans
Hans is already a sibling of Grietje
Grietje is already a sibling of Hans
Hans is already a sibling of Grietje
Grietje is already a sibling of Hans
Hans is already a sibling of Grietje
Grietje is already a sibling of Hans
Hans is already a sibling of Grietje
Grietje is already a sibling of Hans
Hans is already a sibling of Grietje
Grietje is already a sibling of Hans
Hans is already a sibling of Grietje
Grietje is already a sibling of Hans
Hans is already a sibling of Grietje
Grietje is already a sibling of Hans
Hans is already a sibling of Grietje
Grietje is already a sibling of Hans
Hans is already a sibling of Grietje
Grietje is already a sibling of Hans
Hans is already a sibling of Grietje
Grietje is already a sibling of Hans
Hans is already a sibling of Grietje
Grietje is already a sibling of Hans
Hans is already a sibling of Grietje
Grietje is already a sibling of Hans
Hans is already a sibling of Grietje
Grietje is already a sibling of Hans
Hans is already a sibling of Grietje
Grietje is already a sibling of Hans
Hans is already a sibling of Grietje
Grietje is already a sibling of Hans
Hans is already a sibling of Grietje
Grietje is already a sibling of Hans
Hans is already a sibling of Grietje
Grietje is already a sibling of Hans
Hans is already a sibling of Grietje
Grietje is already a sibling of Hans
Hans is already a sibling of Grietje
Grietje is already a sibling of Hans
Hans is already a sibling of Grietje
Grietje is already a sibling of Hans
Hans is already a sibling of Grietje
Grietje is already a sibling of Hans
Hans is already a sibling of Grietje
Grietje is already a sibling of Hans
Hans is already a sibling of Grietje
Grietje is already a sibling of Hans
Hans is already a sibling of Grietje
Grietje is already a sibling of Hans
Hans is already a sibling of Grietje
Grietje is already a sibling of Hans
Hans is already a sibling of Grietje
Grietje is already a sibling of Hans
Hans is already a sibling of Grietje
Grietje is already a sibling of Hans
Hans is already a sibling of Grietje
Grietje is already a sibling of Hans
Hans is already a sibling of Grietje
Grietje is already a sibling of Hans
Hans is already a sibling of Grietje
Grietje is already a sibling of Hans
Hans is already a sibling of Grietje
Grietje is already a sibling of Hans
Hans is already a sibling of Grietje
Grietje is already a sibling of Hans
Hans is already a sibling of Grietje
Grietje is already a sibling of Hans
Hans is already a sibling of Grietje
Grietje is already a sibling of Hans
Hans is already a sibling of Grietje
Grietje is already a sibling of Hans
Hans is already a sibling of Grietje
Grietje is already a sibling of Hans
Hans is already a sibling of Grietje
Grietje is already a sibling of Hans
Hans is already a sibling of Grietje
Grietje is already a sibling of Hans
Hans is already a sibling of Grietje
Grietje is already a sibling of Hans
Hans is already a sibling of Grietje
Grietje is already a sibling of Hans
Hans is already a sibling of Grietje
Grietje is already a sibling of Hans
Hans is already a sibling of Grietje
Grietje is already a sibling of Hans
Hans is already a sibling of Grietje
Grietje is already a sibling of Hans
Hans is already a sibling of Grietje
Grietje is already a sibling of Hans
Hans is already a sibling of Grietje
Grietje is already a sibling of Hans
Hans is already a sibling of Grietje
Grietje is already a sibling of Hans
Hans is already a sibling of Grietje
Grietje is already a sibling of Hans
Hans is already a sibling of Grietje
Grietje is already a sibling of Hans
Hans is already a sibling of Grietje
Grietje is already a sibling of Hans
Hans is already a sibling of Grietje
Grietje is already a sibling of Hans
Hans is already a sibling of Grietje
Grietje is already a sibling of Hans
Hans is already a sibling of Grietje
Grietje is already a sibling of Hans
Hans is already a sibling of Grietje
Grietje is already a sibling of Hans
Hans is already a sibling of Grietje
Grietje is already a sibling of Hans
Hans is already a sibling of Grietje
Grietje is already a sibling of Hans
Hans is already a sibling of Grietje
Grietje is already a sibling of Hans
Hans is already a sibling of Grietje
Grietje is already a sibling of Hans
Hans is already a sibling of Grietje
Grietje is already a sibling of Hans
Hans is already a sibling of Grietje
Grietje is already a sibling of Hans
Hans is already a sibling of Grietje
Grietje is already a sibling of Hans
Hans is already a sibling of Grietje
Grietje is already a sibling of Hans
Hans is already a sibling of Grietje
Grietje is already a sibling of Hans
Hans is already a sibling of Grietje
Grietje is already a sibling of Hans
Hans is already a sibling of Grietje
Grietje is already a sibling of Hans
Hans is already a sibling of Grietje
Grietje is already a sibling of Hans
Hans is already a sibling of Grietje
Grietje is already a sibling of Hans
Hans is already a sibling of Grietje
Grietje is already a sibling of Hans
Hans is already a sibling of Grietje
Grietje is already a sibling of Hans
Hans is already a sibling of Grietje
Grietje is already a sibling of Hans
Hans is already a sibling of Grietje
Grietje is already a sibling of Hans
Hans is already a sibling of Grietje
Grietje is already a sibling of Hans
Hans is already a sibling of Grietje
Grietje is already a sibling of Hans
Hans is already a sibling of Grietje
Grietje is already a sibling of Hans
Hans is already a sibling of Grietje
Grietje is already a sibling of Hans
Hans is already a sibling of Grietje
Grietje is already a sibling of Hans
Hans is already a sibling of Grietje
Grietje is already a sibling of Hans
Hans is already a sibling of Grietje
Grietje is already a sibling of Hans
Hans is already a sibling of Grietje
Grietje is already a sibling of Hans
Hans is already a sibling of Grietje
Grietje is already a sibling of Hans
Hans is already a sibling of Grietje
Grietje is already a sibling of Hans
Hans is already a sibling of Grietje
Grietje is already a sibling of Hans
Hans is already a sibling of Grietje
Grietje is already a sibling of Hans
Hans is already a sibling of Grietje
Grietje is already a sibling of Hans
Hans is already a sibling of Grietje
Grietje is already a sibling of Hans
Hans is already a sibling of Grietje
Grietje is already a sibling of Hans
Hans is already a sibling of Grietje
Grietje is already a sibling of Hans
Hans is already a sibling of Grietje
Grietje is already a sibling of Hans
Hans is already a sibling of Grietje
Grietje is already a sibling of Hans
Hans is already a sibling of Grietje
Grietje is already a sibling of Hans
Hans is already a sibling of Grietje
Grietje is already a sibling of Hans
Hans is already a sibling of Grietje
Grietje is already a sibling of Hans
Hans is already a sibling of Grietje
Grietje is already a sibling of Hans
Hans is already a sibling of Grietje
Grietje is already a sibling of Hans
Hans is already a sibling of Grietje
Grietje is already a sibling of Hans
Hans is already a sibling of Grietje
Grietje is already a sibling of Hans
Hans is already a sibling of Grietje
Grietje is already a sibling of Hans
Hans is already a sibling of Grietje
Grietje is already a sibling of Hans
Hans is already a sibling of Grietje
Grietje is already a sibling of Hans
Hans is already a sibling of Grietje
Grietje is already a sibling of Hans
Hans is already a sibling of Grietje
Grietje is already a sibling of Hans
Hans is already a sibling of Grietje
Grietje is already a sibling of Hans
Hans is already a sibling of Grietje
Grietje is already a sibling of Hans
Hans is already a sibling of Grietje
Grietje is already a sibling of Hans
Hans is already a sibling of Grietje
Grietje is already a sibling of Hans
Hans is already a sibling of Grietje
Grietje is already a sibling of Hans
Hans is already a sibling of Grietje
Grietje is already a sibling of Hans
Hans is already a sibling of Grietje
Grietje is already a sibling of Hans
Hans is already a sibling of Grietje
Grietje is already a sibling of Hans
Hans is already a sibling of Grietje
Grietje is already a sibling of Hans
Hans is already a sibling of Grietje
Grietje is already a sibling of Hans
Hans is already a sibling of Grietje
Grietje is already a sibling of Hans
Hans is already a sibling of Grietje
Grietje is already a sibling of Hans
Hans is already a sibling of Grietje
Grietje is already a sibling of Hans
Hans is already a sibling of Grietje
Grietje is already a sibling of Hans
Hans is already a sibling of Grietje
Grietje is already a sibling of Hans
Hans is already a sibling of Grietje
Grietje is already a sibling of Hans
Hans is already a sibling of Grietje
Grietje is already a sibling of Hans
Hans is already a sibling of Grietje
Grietje is already a sibling of Hans
Hans is already a sibling of Grietje
Grietje is already a sibling of Hans
Hans is already a sibling of Grietje
Grietje is already a sibling of Hans
Hans is already a sibling of Grietje
Grietje is already a sibling of Hans
Hans is already a sibling of Grietje
Grietje is already a sibling of Hans
Hans is already a sibling of Grietje
Grietje is already a sibling of Hans
Hans is already a sibling of Grietje
Grietje is already a sibling of Hans
Hans is already a sibling of Grietje
Grietje is already a sibling of Hans
Hans is already a sibling of Grietje
Grietje is already a sibling of Hans
Hans is already a sibling of Grietje
Grietje is already a sibling of Hans
Hans is already a sibling of Grietje
Grietje is already a sibling of Hans
Hans is already a sibling of Grietje
Grietje is already a sibling of Hans
Hans is already a sibling of Grietje
Grietje is already a sibling of Hans
Hans is already a sibling of Grietje
Grietje is already a sibling of Hans
Hans is already a sibling of Grietje
Grietje is already a sibling of Hans
Hans is already a sibling of Grietje
Grietje is already a sibling of Hans
Hans is already a sibling of Grietje
Grietje is already a sibling of Hans
Hans is already a sibling of Grietje
Grietje is already a sibling of Hans
Hans is already a sibling of Grietje
Grietje is already a sibling of Hans
Hans is already a sibling of Grietje
Grietje is already a sibling of Hans
Hans is already a sibling of Grietje
Grietje is already a sibling of Hans
Hans is already a sibling of Grietje
Grietje is already a sibling of Hans
Hans is already a sibling of Grietje
Grietje is already a sibling of Hans
Hans is already a sibling of Grietje
Grietje is already a sibling of Hans
Hans is already a sibling of Grietje
Grietje is already a sibling of Hans
Hans is already a sibling of Grietje
Grietje is already a sibling of Hans
Hans is already a sibling of Grietje
Grietje is already a sibling of Hans
Hans is already a sibling of Grietje
Grietje is already a sibling of Hans
Hans is already a sibling of Grietje
Grietje is already a sibling of Hans
Hans is already a sibling of Grietje
Grietje is already a sibling of Hans
Hans is already a sibling of Grietje
Grietje is already a sibling of Hans
Hans is already a sibling of Grietje
Grietje is already a sibling of Hans
Hans is already a sibling of Grietje
Grietje is already a sibling of Hans
Hans is already a sibling of Grietje
Grietje is already a sibling of Hans
Hans is already a sibling of Grietje
Grietje is already a sibling of Hans
Hans is already a sibling of Grietje
Grietje is already a sibling of Hans
Hans is already a sibling of Grietje
Grietje is already a sibling of Hans
Hans is already a sibling of Grietje
Grietje is already a sibling of Hans
Hans is already a sibling of Grietje
Grietje is already a sibling of Hans
Hans is already a sibling of Grietje
Grietje is already a sibling of Hans
Hans is already a sibling of Grietje
Grietje is already a sibling of Hans
Hans is already a sibling of Grietje
Grietje is already a sibling of Hans
Hans is already a sibling of Grietje
Grietje is already a sibling of Hans
Hans is already a sibling of Grietje
Grietje is already a sibling of Hans
Hans is already a sibling of Grietje
Grietje is already a sibling of Hans
Hans is already a sibling of Grietje
Grietje is already a sibling of Hans
Hans is already a sibling of Grietje
Grietje is already a sibling of Hans
Hans is already a sibling of Grietje
Grietje is already a sibling of Hans
Hans is already a sibling of Grietje
Grietje is already a sibling of Hans
Hans is already a sibling of Grietje
Grietje is already a sibling of Hans
Hans is already a sibling of Grietje
Grietje is already a sibling of Hans
Hans is already a sibling of Grietje
Grietje is already a sibling of Hans
Hans is already a sibling of Grietje
Grietje is already a sibling of Hans
Hans is already a sibling of Grietje
Grietje is already a sibling of Hans
Hans is already a sibling of Grietje
Grietje is already a sibling of Hans
Hans is already a sibling of Grietje
Grietje is already a sibling of Hans
Hans is already a sibling of Grietje
Grietje is already a sibling of Hans
Hans is already a sibling of Grietje
Grietje is already a sibling of Hans
Hans is already a sibling of Grietje
Grietje is already a sibling of Hans
Hans is already a sibling of Grietje
Grietje is already a sibling of Hans
Hans is already a sibling of Grietje
Grietje is already a sibling of Hans
Hans is already a sibling of Grietje
Grietje is already a sibling of Hans
Hans is already a sibling of Grietje
Grietje is already a sibling of Hans
Hans is already a sibling of Grietje
Grietje is already a sibling of Hans
Hans is already a sibling of Grietje
Grietje is already a sibling of Hans
Hans is already a sibling of Grietje
Grietje is already a sibling of Hans
Hans is already a sibling of Grietje
Grietje is already a sibling of Hans
Hans is already a sibling of Grietje
Grietje is already a sibling of Hans
Hans is already a sibling of Grietje
Grietje is already a sibling of Hans
Hans is already a sibling of Grietje
Grietje is already a sibling of Hans
Hans is already a sibling of Grietje
Grietje is already a sibling of Hans
Hans is already a sibling of Grietje
Grietje is already a sibling of Hans
Hans is already a sibling of Grietje
Grietje is already a sibling of Hans
Hans is already a sibling of Grietje
Grietje is already a sibling of Hans
Hans is already a sibling of Grietje
Grietje is already a sibling of Hans
Hans is already a sibling of Grietje
Grietje is already a sibling of Hans
Hans is already a sibling of Grietje
Grietje is already a sibling of Hans
Hans is already a sibling of Grietje
Grietje is already a sibling of Hans
Hans is already a sibling of Grietje
Grietje is already a sibling of Hans
Hans is already a sibling of Grietje
Grietje is already a sibling of Hans
Hans is already a sibling of Grietje
Grietje is already a sibling of Hans
Hans is already a sibling of Grietje
Grietje is already a sibling of Hans
Hans is already a sibling of Grietje
Grietje is already a sibling of Hans
Hans is already a sibling of Grietje
Grietje is already a sibling of Hans
Hans is already a sibling of Grietje
Grietje is already a sibling of Hans
Hans is already a sibling of Grietje
Grietje is already a sibling of Hans
Hans is already a sibling of Grietje
Grietje is already a sibling of Hans
Hans is already a sibling of Grietje
Grietje is already a sibling of Hans
Hans is already a sibling of Grietje
Grietje is already a sibling of Hans
Hans is already a sibling of Grietje
Grietje is already a sibling of Hans
Hans is already a sibling of Grietje
Grietje is already a sibling of Hans
Hans is already a sibling of Grietje
Grietje is already a sibling of Hans
Hans is already a sibling of Grietje
Grietje is already a sibling of Hans
Hans is already a sibling of Grietje
Grietje is already a sibling of Hans
Hans is already a sibling of Grietje
Grietje is already a sibling of Hans
Hans is already a sibling of Grietje
Grietje is already a sibling of Hans
Hans is already a sibling of Grietje
Grietje is already a sibling of Hans
Hans is already a sibling of Grietje
Grietje is already a sibling of Hans
Hans is already a sibling of Grietje
Grietje is already a sibling of Hans
Hans is already a sibling of Grietje
Grietje is already a sibling of Hans
Hans is already a sibling of Grietje
Grietje is already a sibling of Hans
Hans is already a sibling of Grietje
Grietje is already a sibling of Hans
Hans is already a sibling of Grietje
Grietje is already a sibling of Hans
Hans is already a sibling of Grietje
Grietje is already a sibling of Hans
Hans is already a sibling of Grietje
Grietje is already a sibling of Hans
Hans is already a sibling of Grietje
Grietje is already a sibling of Hans
Hans is already a sibling of Grietje
Grietje is already a sibling of Hans
Hans is already a sibling of Grietje
Grietje is already a sibling of Hans
Hans is already a sibling of Grietje
Grietje is already a sibling of Hans
Hans is already a sibling of Grietje
Grietje is already a sibling of Hans
Hans is already a sibling of Grietje
Grietje is already a sibling of Hans
Hans is already a sibling of Grietje
Grietje is already a sibling of Hans
Hans is already a sibling of Grietje
Grietje is already a sibling of Hans
Hans is already a sibling of Grietje
Grietje is already a sibling of Hans
Hans is already a sibling of Grietje
Grietje is already a sibling of Hans
Hans is already a sibling of Grietje
Grietje is already a sibling of Hans
Hans is already a sibling of Grietje
Grietje is already a sibling of Hans
Hans is already a sibling of Grietje
Grietje is already a sibling of Hans
Hans is already a sibling of Grietje
Grietje is already a sibling of Hans
Hans is already a sibling of Grietje
Grietje is already a sibling of Hans
Hans is already a sibling of Grietje
Grietje is already a sibling of Hans
Hans is already a sibling of Grietje
Grietje is already a sibling of Hans
Hans is already a sibling of Grietje
Grietje is already a sibling of Hans
Hans is already a sibling of Grietje
Grietje is already a sibling of Hans
Hans is already a sibling of Grietje
Grietje is already a sibling of Hans
Hans is already a sibling of Grietje
Grietje is already a sibling of Hans
Hans is already a sibling of Grietje
Grietje is already a sibling of Hans
Hans is already a sibling of Grietje
Grietje is already a sibling of Hans
Hans is already a sibling of Grietje
Grietje is already a sibling of Hans
Hans is already a sibling of Grietje
Grietje is already a sibling of Hans
Hans is already a sibling of Grietje
Grietje is already a sibling of Hans
Hans is already a sibling of Grietje
Grietje is already a sibling of Hans
Hans is already a sibling of Grietje
Grietje is already a sibling of Hans
Hans is already a sibling of Grietje
Grietje is already a sibling of Hans
Hans is already a sibling of Grietje
Grietje is already a sibling of Hans
Hans is already a sibling of Grietje
Grietje is already a sibling of Hans
Hans is already a sibling of Grietje
Grietje is already a sibling of Hans
Hans is already a sibling of Grietje
Grietje is already a sibling of Hans
Hans is already a sibling of Grietje
Grietje is already a sibling of Hans
Hans is already a sibling of Grietje
Grietje is already a sibling of Hans
Hans is already a sibling of Grietje
Grietje is already a sibling of Hans
Hans is already a sibling of Grietje
Grietje is already a sibling of Hans
Hans is already a sibling of Grietje
Grietje is already a sibling of Hans
Hans is already a sibling of Grietje
Grietje is already a sibling of Hans
Hans is already a sibling of Grietje
Grietje is already a sibling of Hans
Hans is already a sibling of Grietje
Grietje is already a sibling of Hans
Hans is already a sibling of Grietje
Grietje is already a sibling of Hans
Hans is already a sibling of Grietje
Grietje is already a sibling of Hans
Hans is already a sibling of Grietje
Grietje is already a sibling of Hans
Hans is already a sibling of Grietje
Grietje is already a sibling of Hans
Hans is already a sibling of Grietje
Grietje is already a sibling of Hans
Hans is already a sibling of Grietje
Grietje is already a sibling of Hans
Hans is already a sibling of Grietje
Grietje is already a sibling of Hans
Hans is already a sibling of Grietje
Grietje is already a sibling of Hans
Hans is already a sibling of Grietje
Grietje is already a sibling of Hans
Hans is already a sibling of Grietje
Grietje is already a sibling of Hans
Hans is already a sibling of Grietje
Grietje is already a sibling of Hans
Hans is already a sibling of Grietje
Grietje is already a sibling of Hans
Hans is already a sibling of Grietje
Grietje is already a sibling of Hans
Hans is already a sibling of Grietje
Grietje is already a sibling of Hans
Hans is already a sibling of Grietje
Grietje is already a sibling of Hans
Hans is already a sibling of Grietje
Grietje is already a sibling of Hans
Hans is already a sibling of Grietje
Grietje is already a sibling of Hans
Hans is already a sibling of Grietje
Grietje is already a sibling of Hans
Hans is already a sibling of Grietje
Grietje is already a sibling of Hans
Hans is already a sibling of Grietje
Grietje is already a sibling of Hans
Hans is already a sibling of Grietje
Grietje is already a sibling of Hans
Hans is already a sibling of Grietje
Grietje is already a sibling of Hans
Hans is already a sibling of Grietje
Grietje is already a sibling of Hans
Hans is already a sibling of Grietje
Grietje is already a sibling of Hans
Hans is already a sibling of Grietje
Grietje is already a sibling of Hans
Hans is already a sibling of Grietje
Grietje is already a sibling of Hans
Hans is already a sibling of Grietje
Grietje is already a sibling of Hans
Hans is already a sibling of Grietje
Grietje is already a sibling of Hans
Hans is already a sibling of Grietje
Grietje is already a sibling of Hans
Hans is already a sibling of Grietje
Grietje is already a sibling of Hans
Hans is already a sibling of Grietje
Grietje is already a sibling of Hans
Hans is already a sibling of Grietje
Grietje is already a sibling of Hans
Hans is already a sibling of Grietje
Grietje is already a sibling of Hans
Hans is already a sibling of Grietje
Grietje is already a sibling of Hans
Hans is already a sibling of Grietje
Grietje is already a sibling of Hans
Hans is already a sibling of Grietje
Grietje is already a sibling of Hans
Hans is already a sibling of Grietje
Grietje is already a sibling of Hans
Hans is already a sibling of Grietje
Grietje is already a sibling of Hans
Hans is already a sibling of Grietje
Grietje is already a sibling of Hans
Hans is already a sibling of Grietje
Grietje is already a sibling of Hans
Hans is already a sibling of Grietje
Grietje is already a sibling of Hans
Hans is already a sibling of Grietje
Grietje is already a sibling of Hans
Hans is already a sibling of Grietje
Grietje is already a sibling of Hans
Hans is already a sibling of Grietje
Grietje is already a sibling of Hans
Hans is already a sibling of Grietje
Grietje is already a sibling of Hans
Hans is already a sibling of Grietje
Grietje is already a sibling of Hans
Hans is already a sibling of Grietje
Grietje is already a sibling of Hans
Hans is already a sibling of Grietje
Grietje is already a sibling of Hans
Hans is already a sibling of Grietje
Grietje is already a sibling of Hans
Hans is already a sibling of Grietje
Grietje is already a sibling of Hans
Hans is already a sibling of Grietje
Grietje is already a sibling of Hans
Hans is already a sibling of Grietje
Grietje is already a sibling of Hans
Hans is already a sibling of Grietje
Grietje is already a sibling of Hans
Hans is already a sibling of Grietje
Grietje is already a sibling of Hans
Hans is already a sibling of Grietje
Grietje is already a sibling of Hans
Hans is already a sibling of Grietje
Grietje is already a sibling of Hans
Hans is already a sibling of Grietje
Grietje is already a sibling of Hans
Hans is already a sibling of Grietje
Grietje is already a sibling of Hans
Hans is already a sibling of Grietje
Grietje is already a sibling of Hans
Hans is already a sibling of Grietje
Grietje is already a sibling of Hans
Hans is already a sibling of Grietje
Grietje is already a sibling of Hans
Hans is already a sibling of Grietje
Grietje is already a sibling of Hans
Hans is already a sibling of Grietje
Grietje is already a sibling of Hans
Hans is already a sibling of Grietje
Grietje is already a sibling of Hans
Hans is already a sibling of Grietje
Grietje is already a sibling of Hans
Hans is already a sibling of Grietje
Grietje is already a sibling of Hans
Hans is already a sibling of Grietje
Grietje is already a sibling of Hans
Hans is already a sibling of Grietje
Grietje is already a sibling of Hans
Hans is already a sibling of Grietje
Grietje is already a sibling of Hans
Hans is already a sibling of Grietje
Grietje is already a sibling of Hans
Hans is already a sibling of Grietje
Grietje is already a sibling of Hans
Hans is already a sibling of Grietje
Grietje is already a sibling of Hans
Hans is already a sibling of Grietje
Grietje is already a sibling of Hans
Hans is already a sibling of Grietje
Grietje is already a sibling of Hans
Hans is already a sibling of Grietje
Grietje is already a sibling of Hans
Hans is already a sibling of Grietje
Grietje is already a sibling of Hans
Hans is already a sibling of Grietje
Grietje is already a sibling of Hans
Hans is already a sibling of Grietje
Grietje is already a sibling of Hans
Hans is already a sibling of Grietje
Grietje is already a sibling of Hans
Hans is already a sibling of Grietje
Grietje is already a sibling of Hans
Hans is already a sibling of Grietje
Grietje is already a sibling of Hans
Hans is already a sibling of Grietje
Grietje is already a sibling of Hans
Hans is already a sibling of Grietje
Grietje is already a sibling of Hans
Hans is already a sibling of Grietje
Grietje is already a sibling of Hans
Hans is already a sibling of Grietje
Grietje is already a sibling of Hans
Hans is already a sibling of Grietje
Grietje is already a sibling of Hans
Hans is already a sibling of Grietje
Grietje is already a sibling of Hans
Hans is already a sibling of Grietje
Grietje is already a sibling of Hans
Hans is already a sibling of Grietje
Grietje is already a sibling of Hans
Hans is already a sibling of Grietje
Grietje is already a sibling of Hans
Hans is already a sibling of Grietje
Grietje is already a sibling of Hans
Hans is already a sibling of Grietje
Grietje is already a sibling of Hans
Hans is already a sibling of Grietje
Grietje is already a sibling of Hans
Hans is already a sibling of Grietje
Grietje is already a sibling of Hans
Hans is already a sibling of Grietje
Grietje is already a sibling of Hans
Hans is already a sibling of Grietje
Grietje is already a sibling of Hans
Hans is already a sibling of Grietje
Grietje is already a sibling of Hans
Hans is already a sibling of Grietje
Grietje is already a sibling of Hans
Hans is already a sibling of Grietje
Grietje is already a sibling of Hans
Hans is already a sibling of Grietje
Grietje is already a sibling of Hans
Hans is already a sibling of Grietje
Grietje is already a sibling of Hans
Hans is already a sibling of Grietje
Grietje is already a sibling of Hans
Hans is already a sibling of Grietje
Grietje is already a sibling of Hans
Hans is already a sibling of Grietje
Grietje is already a sibling of Hans
Hans is already a sibling of Grietje
Grietje is already a sibling of Hans
Hans is already a sibling of Grietje
Grietje is already a sibling of Hans
Hans is already a sibling of Grietje
Grietje is already a sibling of Hans
Hans is already a sibling of Grietje
Grietje is already a sibling of Hans
Hans is already a sibling of Grietje
Grietje is already a sibling of Hans
Hans is already a sibling of Grietje
Grietje is already a sibling of Hans
Hans is already a sibling of Grietje
Grietje is already a sibling of Hans
Hans is already a sibling of Grietje
Grietje is already a sibling of Hans
Hans is already a sibling of Grietje
Grietje is already a sibling of Hans
Hans is already a sibling of Grietje
Grietje is already a sibling of Hans
Hans is already a sibling of Grietje
Grietje is already a sibling of Hans
Hans is already a sibling of Grietje
Grietje is already a sibling of Hans
Hans is already a sibling of Grietje
Grietje is already a sibling of Hans
Hans is already a sibling of Grietje
Grietje is already a sibling of Hans
Hans is already a sibling of Grietje
Grietje is already a sibling of Hans
Hans is already a sibling of Grietje
Grietje is already a sibling of Hans
Hans is already a sibling of Grietje
Grietje is already a sibling of Hans
Hans is already a sibling of Grietje
Grietje is already a sibling of Hans
Hans is already a sibling of Grietje
Grietje is already a sibling of Hans
Hans is already a sibling of Grietje
Grietje is already a sibling of Hans
Hans is already a sibling of Grietje
Grietje is already a sibling of Hans
Hans is already a sibling of Grietje
Grietje is already a sibling of Hans
Hans is already a sibling of Grietje
Grietje is already a sibling of Hans
Hans is already a sibling of Grietje
Grietje is already a sibling of Hans
Hans is already a sibling of Grietje
Grietje is already a sibling of Hans
Hans is already a sibling of Grietje
Grietje is already a sibling of Hans
Hans is already a sibling of Grietje
Grietje is already a sibling of Hans
Hans is already a sibling of Grietje
Grietje is already a sibling of Hans
Hans is already a sibling of Grietje
Grietje is already a sibling of Hans
Hans is already a sibling of Grietje
Grietje is already a sibling of Hans
Hans is already a sibling of Grietje
Grietje is already a sibling of Hans
Hans is already a sibling of Grietje
Grietje is already a sibling of Hans
Hans is already a sibling of Grietje
Grietje is already a sibling of Hans
Hans is already a sibling of Grietje
Grietje is already a sibling of Hans
Hans is already a sibling of Grietje
Grietje is already a sibling of Hans
Hans is already a sibling of Grietje
Grietje is already a sibling of Hans
Hans is already a sibling of Grietje
Grietje is already a sibling of Hans
Hans is already a sibling of Grietje
Grietje is already a sibling of Hans
Hans is already a sibling of Grietje
Grietje is already a sibling of Hans
Hans is already a sibling of Grietje
Grietje is already a sibling of Hans
Hans is already a sibling of Grietje
Grietje is already a sibling of Hans
Hans is already a sibling of Grietje
Grietje is already a sibling of Hans
Hans is already a sibling of Grietje
Grietje is already a sibling of Hans
Hans is already a sibling of Grietje
Grietje is already a sibling of Hans
Hans is already a sibling of Grietje
Grietje is already a sibling of Hans
Hans is already a sibling of Grietje
Grietje is already a sibling of Hans
Hans is already a sibling of Grietje
Grietje is already a sibling of Hans
Hans is already a sibling of Grietje
Grietje is already a sibling of Hans
Hans is already a sibling of Grietje
Grietje is already a sibling of Hans
Hans is already a sibling of Grietje
Grietje is already a sibling of Hans
Hans is already a sibling of Grietje
Grietje is already a sibling of Hans
Hans is already a sibling of Grietje
Grietje is already a sibling of Hans
Hans is already a sibling of Grietje
Grietje is already a sibling of Hans
Hans is already a sibling of Grietje
Grietje is already a sibling of Hans
Hans is already a sibling of Grietje
Grietje is already a sibling of Hans
Hans is already a sibling of Grietje
Grietje is already a sibling of Hans
Hans is already a sibling of Grietje
Grietje is already a sibling of Hans
Hans is already a sibling of Grietje
Grietje is already a sibling of Hans
Hans is already a sibling of Grietje
Grietje is already a sibling of Hans
Hans is already a sibling of Grietje
Grietje is already a sibling of Hans
Hans is already a sibling of Grietje
Grietje is already a sibling of Hans
Hans is already a sibling of Grietje
Grietje is already a sibling of Hans
Hans is already a sibling of Grietje
Grietje is already a sibling of Hans
Hans is already a sibling of Grietje
Grietje is already a sibling of Hans
Hans is already a sibling of Grietje
Grietje is already a sibling of Hans
Hans is already a sibling of Grietje
Grietje is already a sibling of Hans
Hans is already a sibling of Grietje
Grietje is already a sibling of Hans
Hans is already a sibling of Grietje
Grietje is already a sibling of Hans
Hans is already a sibling of Grietje
Grietje is already a sibling of Hans
Hans is already a sibling of Grietje
Grietje is already a sibling of Hans
Hans is already a sibling of Grietje
Grietje is already a sibling of Hans
Hans is already a sibling of Grietje
Grietje is already a sibling of Hans
Hans is already a sibling of Grietje
Grietje is already a sibling of Hans
Hans is already a sibling of Grietje
Grietje is already a sibling of Hans
Hans is already a sibling of Grietje
Grietje is already a sibling of Hans
Hans is already a sibling of Grietje
Grietje is already a sibling of Hans
Hans is already a sibling of Grietje
Grietje is already a sibling of Hans
Hans is already a sibling of Grietje
Grietje is already a sibling of Hans
Hans is already a sibling of Grietje
Grietje is already a sibling of Hans
Hans is already a sibling of Grietje
Grietje is already a sibling of Hans
Hans is already a sibling of Grietje
Grietje is already a sibling of Hans
Hans is already a sibling of Grietje
Grietje is already a sibling of Hans
Hans is already a sibling of Grietje
Grietje is already a sibling of Hans
Hans is already a sibling of Grietje
Grietje is already a sibling of Hans
Hans is already a sibling of Grietje
Grietje is already a sibling of Hans
Hans is already a sibling of Grietje
Grietje is already a sibling of Hans
Hans is already a sibling of Grietje
Grietje is already a sibling of Hans
Hans is already a sibling of Grietje
Grietje is already a sibling of Hans
Hans is already a sibling of Grietje
Grietje is already a sibling of Hans
Hans is already a sibling of Grietje
Grietje is already a sibling of Hans
Hans is already a sibling of Grietje
Grietje is already a sibling of Hans
Hans is already a sibling of Grietje
Grietje is already a sibling of Hans
Hans is already a sibling of Grietje
Grietje is already a sibling of Hans
Hans is already a sibling of Grietje
Grietje is already a sibling of Hans
Hans is already a sibling of Grietje
Grietje is already a sibling of Hans
Hans is already a sibling of Grietje
Grietje is already a sibling of Hans
Hans is already a sibling of Grietje
Grietje is already a sibling of Hans
Hans is already a sibling of Grietje
Grietje is already a sibling of Hans
Hans is already a sibling of Grietje
Grietje is already a sibling of Hans
Hans is already a sibling of Grietje
Grietje is already a sibling of Hans
Hans is already a sibling of Grietje
Grietje is already a sibling of Hans
Hans is already a sibling of Grietje
Grietje is already a sibling of Hans
Hans is already a sibling of Grietje
Grietje is already a sibling of Hans
Hans is already a sibling of Grietje
Grietje is already a sibling of Hans
Hans is already a sibling of Grietje
Grietje is already a sibling of Hans
Hans is already a sibling of Grietje
Grietje is already a sibling of Hans
Hans is already a sibling of Grietje
Grietje is already a sibling of Hans
Hans is already a sibling of Grietje
Grietje is already a sibling of Hans
Hans is already a sibling of Grietje
Grietje is already a sibling of Hans
Hans is already a sibling of Grietje
Grietje is already a sibling of Hans
Hans is already a sibling of Grietje
Grietje is already a sibling of Hans
Hans is already a sibling of Grietje
Grietje is already a sibling of Hans
Hans is already a sibling of Grietje
Grietje is already a sibling of Hans
Hans is already a sibling of Grietje
Grietje is already a sibling of Hans
Hans is already a sibling of Grietje
Grietje is already a sibling of Hans
Hans is already a sibling of Grietje
Grietje is already a sibling of Hans
Hans is already a sibling of Grietje
Grietje is already a sibling of Hans
Hans is already a sibling of Grietje
Grietje is already a sibling of Hans
Hans is already a sibling of Grietje
Grietje is already a sibling of Hans
Hans is already a sibling of Grietje
Grietje is already a sibling of Hans
Hans is already a sibling of Grietje
Grietje is already a sibling of Hans
Hans is already a sibling of Grietje
Grietje is already a sibling of Hans
Hans is already a sibling of Grietje
Grietje is already a sibling of Hans
Hans is already a sibling of Grietje
Grietje is already a sibling of Hans
Hans is already a sibling of Grietje
Grietje is already a sibling of Hans
Hans is already a sibling of Grietje
Grietje is already a sibling of Hans
Hans is already a sibling of Grietje
Grietje is already a sibling of Hans
Hans is already a sibling of Grietje
Grietje is already a sibling of Hans
Hans is already a sibling of Grietje
Grietje is already a sibling of Hans
Hans is already a sibling of Grietje
Grietje is already a sibling of Hans
Hans is already a sibling of Grietje
Grietje is already a sibling of Hans
Hans is already a sibling of Grietje
Grietje is already a sibling of Hans
Hans is already a sibling of Grietje
Grietje is already a sibling of Hans
Hans is already a sibling of Grietje
Grietje is already a sibling of Hans
Hans is already a sibling of Grietje
Grietje is already a sibling of Hans
Hans is already a sibling of Grietje
Grietje is already a sibling of Hans
Hans is already a sibling of Grietje
Grietje is already a sibling of Hans
Hans is already a sibling of Grietje
Grietje is already a sibling of Hans
Hans is already a sibling of Grietje
Grietje is already a sibling of Hans
Hans is already a sibling of Grietje
Grietje is already a sibling of Hans
Hans is already a sibling of Grietje
Grietje is already a sibling of Hans
Hans is already a sibling of Grietje
Grietje is already a sibling of Hans
Hans is already a sibling of Grietje
Grietje is already a sibling of Hans
Hans is already a sibling of Grietje
Grietje is already a sibling of Hans
Hans is already a sibling of Grietje
Grietje is already a sibling of Hans
Hans is already a sibling of Grietje
Grietje is already a sibling of Hans
Hans is already a sibling of Grietje
Grietje is already a sibling of Hans
Hans is already a sibling of Grietje
Grietje is already a sibling of Hans
Hans is already a sibling of Grietje
Grietje is already a sibling of Hans
Hans is already a sibling of Grietje
Grietje is already a sibling of Hans
Hans is already a sibling of Grietje
Grietje is already a sibling of Hans
Hans is already a sibling of Grietje
Grietje is already a sibling of Hans
Hans is already a sibling of Grietje
Grietje is already a sibling of Hans
Hans is already a sibling of Grietje
Grietje is already a sibling of Hans
Hans is already a sibling of Grietje
Grietje is already a sibling of Hans
Hans is already a sibling of Grietje
Grietje is already a sibling of Hans
Hans is already a sibling of Grietje
Grietje is already a sibling of Hans
Hans is already a sibling of Grietje
Grietje is already a sibling of Hans
Hans is already a sibling of Grietje
Grietje is already a sibling of Hans
Hans is already a sibling of Grietje
Grietje is already a sibling of Hans
Hans is already a sibling of Grietje
Grietje is already a sibling of Hans
Hans is already a sibling of Grietje
Grietje is already a sibling of Hans
Hans is already a sibling of Grietje
Grietje is already a sibling of Hans
Hans is already a sibling of Grietje
Grietje is already a sibling of Hans
Hans is already a sibling of Grietje
Grietje is already a sibling of Hans
Hans is already a sibling of Grietje
Grietje is already a sibling of Hans
Hans is already a sibling of Grietje
Grietje is already a sibling of Hans
Hans is already a sibling of Grietje
Grietje is already a sibling of Hans
Hans is already a sibling of Grietje
Grietje is already a sibling of Hans
Hans is already a sibling of Grietje
Grietje is already a sibling of Hans
Hans is already a sibling of Grietje
Grietje is already a sibling of Hans
Hans is already a sibling of Grietje
Grietje is already a sibling of Hans
Hans is already a sibling of Grietje
Grietje is already a sibling of Hans
Hans is already a sibling of Grietje
Grietje is already a sibling of Hans
Hans is already a sibling of Grietje
Grietje is already a sibling of Hans
Hans is already a sibling of Grietje
Grietje is already a sibling of Hans
Hans is already a sibling of Grietje
Grietje is already a sibling of Hans
Hans is already a sibling of Grietje
Grietje is already a sibling of Hans
Hans is already a sibling of Grietje
Grietje is already a sibling of Hans
Hans is already a sibling of Grietje
Grietje is already a sibling of Hans
Hans is already a sibling of Grietje
Grietje is already a sibling of Hans
Hans is already a sibling of Grietje
Grietje is already a sibling of Hans
Hans is already a sibling of Grietje
Grietje is already a sibling of Hans
Hans is already a sibling of Grietje
Grietje is already a sibling of Hans
Hans is already a sibling of Grietje
Grietje is already a sibling of Hans
Hans is already a sibling of Grietje
Grietje is already a sibling of Hans
Hans is already a sibling of Grietje
Grietje is already a sibling of Hans
Hans is already a sibling of Grietje
Grietje is already a sibling of Hans
Hans is already a sibling of Grietje
Grietje is already a sibling of Hans
Hans is already a sibling of Grietje
Grietje is already a sibling of Hans
Hans is already a sibling of Grietje
Grietje is already a sibling of Hans
Hans is already a sibling of Grietje
Grietje is already a sibling of Hans
Hans is already a sibling of Grietje
Grietje is already a sibling of Hans
Hans is already a sibling of Grietje
Grietje is already a sibling of Hans
Hans is already a sibling of Grietje
Grietje is already a sibling of Hans
Hans is already a sibling of Grietje
Grietje is already a sibling of Hans
Hans is already a sibling of Grietje
Grietje is already a sibling of Hans
Hans is already a sibling of Grietje
Grietje is already a sibling of Hans
Hans is already a sibling of Grietje
Grietje is already a sibling of Hans
Hans is already a sibling of Grietje
Grietje is already a sibling of Hans
Hans is already a sibling of Grietje
Grietje is already a sibling of Hans
Hans is already a sibling of Grietje
Grietje is already a sibling of Hans
Hans is already a sibling of Grietje
Grietje is already a sibling of Hans
Hans is already a sibling of Grietje
Grietje is already a sibling of Hans
Hans is already a sibling of Grietje
Grietje is already a sibling of Hans
Hans is already a sibling of Grietje
Grietje is already a sibling of Hans
Hans is already a sibling of Grietje
Grietje is already a sibling of Hans
Hans is already a sibling of Grietje
Grietje is already a sibling of Hans
Hans is already a sibling of Grietje
Grietje is already a sibling of Hans
Hans is already a sibling of Grietje
Grietje is already a sibling of Hans
Hans is already a sibling of Grietje
Grietje is already a sibling of Hans
Hans is already a sibling of Grietje
Grietje is already a sibling of Hans
Hans is already a sibling of Grietje
Grietje is already a sibling of Hans
Hans is already a sibling of Grietje
Grietje is already a sibling of Hans
Hans is already a sibling of Grietje
Grietje is already a sibling of Hans
Hans is already a sibling of Grietje
Grietje is already a sibling of Hans
Hans is already a sibling of Grietje
Grietje is already a sibling of Hans
Hans is already a sibling of Grietje
Grietje is already a sibling of Hans
Hans is already a sibling of Grietje
Grietje is already a sibling of Hans
Hans is already a sibling of Grietje
Grietje is already a sibling of Hans
Hans is already a sibling of Grietje
Grietje is already a sibling of Hans
Hans is already a sibling of Grietje
Grietje is already a sibling of Hans
Hans is already a sibling of Grietje
Grietje is already a sibling of Hans
Hans is already a sibling of Grietje
Grietje is already a sibling of Hans
Hans is already a sibling of Grietje
Grietje is already a sibling of Hans
Hans is already a sibling of Grietje
Grietje is already a sibling of Hans
Hans is already a sibling of Grietje
Grietje is already a sibling of Hans
Hans is already a sibling of Grietje
Grietje is already a sibling of Hans
Hans is already a sibling of Grietje
Grietje is already a sibling of Hans
Hans is already a sibling of Grietje
Grietje is already a sibling of Hans
Hans is already a sibling of Grietje
Grietje is already a sibling of Hans
Hans is already a sibling of Grietje
Grietje is already a sibling of Hans
Hans is already a sibling of Grietje
Grietje is already a sibling of Hans
Hans is already a sibling of Grietje
Grietje is already a sibling of Hans
Hans is already a sibling of Grietje
Grietje is already a sibling of Hans
Hans is already a sibling of Grietje
Grietje is already a sibling of Hans
Hans is already a sibling of Grietje
Grietje is already a sibling of Hans
Hans is already a sibling of Grietje
Grietje is already a sibling of Hans
Hans is already a sibling of Grietje
Grietje is already a sibling of Hans
Hans is already a sibling of Grietje
Grietje is already a sibling of Hans
Hans is already a sibling of Grietje
Grietje is already a sibling of Hans
Hans is already a sibling of Grietje
Grietje is already a sibling of Hans
Hans is already a sibling of Grietje
Grietje is already a sibling of Hans
Hans is already a sibling of Grietje
Grietje is already a sibling of Hans
Hans is already a sibling of Grietje
Grietje is already a sibling of Hans
Hans is already a sibling of Grietje
Grietje is already a sibling of Hans
Hans is already a sibling of Grietje
Grietje is already a sibling of Hans
Hans is already a sibling of Grietje
Grietje is already a sibling of Hans
Hans is already a sibling of Grietje
Grietje is already a sibling of Hans
Hans is already a sibling of Grietje
Grietje is already a sibling of Hans
Hans is already a sibling of Grietje
Grietje is already a sibling of Hans
Hans is already a sibling of Grietje
Grietje is already a sibling of Hans
Hans is already a sibling of Grietje
Grietje is already a sibling of Hans
Hans is already a sibling of Grietje
Grietje is already a sibling of Hans
Hans is already a sibling of Grietje
Grietje is already a sibling of Hans
Hans is already a sibling of Grietje
Grietje is already a sibling of Hans
Hans is already a sibling of Grietje
Grietje is already a sibling of Hans
Hans is already a sibling of Grietje
Grietje is already a sibling of Hans
Hans is already a sibling of Grietje
Grietje is already a sibling of Hans
Hans is already a sibling of Grietje
Grietje is already a sibling of Hans
Hans is already a sibling of Grietje
Grietje is already a sibling of Hans
Hans is already a sibling of Grietje
Grietje is already a sibling of Hans
Hans is already a sibling of Grietje
Grietje is already a sibling of Hans
Hans is already a sibling of Grietje
Grietje is already a sibling of Hans
Hans is already a sibling of Grietje
Grietje is already a sibling of Hans
Hans is already a sibling of Grietje
Grietje is already a sibling of Hans
Hans is already a sibling of Grietje
Grietje is already a sibling of Hans
Hans is already a sibling of Grietje
Grietje is already a sibling of Hans
Hans is already a sibling of Grietje
Grietje is already a sibling of Hans
Hans is already a sibling of Grietje
Grietje is already a sibling of Hans
Hans is already a sibling of Grietje
Grietje is already a sibling of Hans
Hans is already a sibling of Grietje
Grietje is already a sibling of Hans
Hans is already a sibling of Grietje
Grietje is already a sibling of Hans
Hans is already a sibling of Grietje
Grietje is already a sibling of Hans
Hans is already a sibling of Grietje
Grietje is already a sibling of Hans
Hans is already a sibling of Grietje
Grietje is already a sibling of Hans
Hans is already a sibling of Grietje
Grietje is already a sibling of Hans
Hans is already a sibling of Grietje
Grietje is already a sibling of Hans
Hans is already a sibling of Grietje
Grietje is already a sibling of Hans
Hans is already a sibling of Grietje
Grietje is already a sibling of Hans
Hans is already a sibling of Grietje
Grietje is already a sibling of Hans
Hans is already a sibling of Grietje
Grietje is already a sibling of Hans
Hans is already a sibling of Grietje
Grietje is already a sibling of Hans
Hans is already a sibling of Grietje
Grietje is already a sibling of Hans
Hans is already a sibling of Grietje
Grietje is already a sibling of Hans
Hans is already a sibling of Grietje
Grietje is already a sibling of Hans
Hans is already a sibling of Grietje
Grietje is already a sibling of Hans
Hans is already a sibling of Grietje
Grietje is already a sibling of Hans
Hans is already a sibling of Grietje
Grietje is already a sibling of Hans
Hans is already a sibling of Grietje
Grietje is already a sibling of Hans
Hans is already a sibling of Grietje
Grietje is already a sibling of Hans
Hans is already a sibling of Grietje
Grietje is already a sibling of Hans
Hans is already a sibling of Grietje
Grietje is already a sibling of Hans
Hans is already a sibling of Grietje
Grietje is already a sibling of Hans
Hans is already a sibling of Grietje
Grietje is already a sibling of Hans
Hans is already a sibling of Grietje
Grietje is already a sibling of Hans
Hans is already a sibling of Grietje
Grietje is already a sibling of Hans
Hans is already a sibling of Grietje
Grietje is already a sibling of Hans
Hans is already a sibling of Grietje
Grietje is already a sibling of Hans
Hans is already a sibling of Grietje
Grietje is already a sibling of Hans
Hans is already a sibling of Grietje
Grietje is already a sibling of Hans
Hans is already a sibling of Grietje
Grietje is already a sibling of Hans
Hans is already a sibling of Grietje
Grietje is already a sibling of Hans
Hans is already a sibling of Grietje
Grietje is already a sibling of Hans
Hans is already a sibling of Grietje
Grietje is already a sibling of Hans
Hans is already a sibling of Grietje
Grietje is already a sibling of Hans
Hans is already a sibling of Grietje
Grietje is already a sibling of Hans
Hans is already a sibling of Grietje
Grietje is already a sibling of Hans
Hans is already a sibling of Grietje
Grietje is already a sibling of Hans
Hans is already a sibling of Grietje
Grietje is already a sibling of Hans
Hans is already a sibling of Grietje
Grietje is already a sibling of Hans
Hans is already a sibling of Grietje
Grietje is already a sibling of Hans
Hans is already a sibling of Grietje
Grietje is already a sibling of Hans
Hans is already a sibling of Grietje
Grietje is already a sibling of Hans
Hans is already a sibling of Grietje
Grietje is already a sibling of Hans
Hans is already a sibling of Grietje
Grietje is already a sibling of Hans
Hans is already a sibling of Grietje
Grietje is already a sibling of Hans
Hans is already a sibling of Grietje
Grietje is already a sibling of Hans
Hans is already a sibling of Grietje
Grietje is already a sibling of Hans
Hans is already a sibling of Grietje
Grietje is already a sibling of Hans
Hans is already a sibling of Grietje
Grietje is already a sibling of Hans
Hans is already a sibling of Grietje
Grietje is already a sibling of Hans
Hans is already a sibling of Grietje
Grietje is already a sibling of Hans
Hans is already a sibling of Grietje
Grietje is already a sibling of Hans
Hans is already a sibling of Grietje
Grietje is already a sibling of Hans
Hans is already a sibling of Grietje
Grietje is already a sibling of Hans
Hans is already a sibling of Grietje
Grietje is already a sibling of Hans
Hans is already a sibling of Grietje
Grietje is already a sibling of Hans
Hans is already a sibling of Grietje
Grietje is already a sibling of Hans
Hans is already a sibling of Grietje
Grietje is already a sibling of Hans
Hans is already a sibling of Grietje
Grietje is already a sibling of Hans
Hans is already a sibling of Grietje
Grietje is already a sibling of Hans
Hans is already a sibling of Grietje
Grietje is already a sibling of Hans
Hans is already a sibling of Grietje
Grietje is already a sibling of Hans
Hans is already a sibling of Grietje
Grietje is already a sibling of Hans
Hans is already a sibling of Grietje
Grietje is already a sibling of Hans
Hans is already a sibling of Grietje
Grietje is already a sibling of Hans
Hans is already a sibling of Grietje
Grietje is already a sibling of Hans
Hans is already a sibling of Grietje
Grietje is already a sibling of Hans
Hans is already a sibling of Grietje
Grietje is already a sibling of Hans
Hans is already a sibling of Grietje
Grietje is already a sibling of Hans
Hans is already a sibling of Grietje
Grietje is already a sibling of Hans
Hans is already a sibling of Grietje
Grietje is already a sibling of Hans
Hans is already a sibling of Grietje
Grietje is already a sibling of Hans
Hans is already a sibling of Grietje
Grietje is already a sibling of Hans
Hans is already a sibling of Grietje
Grietje is already a sibling of Hans
Hans is already a sibling of Grietje
Grietje is already a sibling of Hans
Hans is already a sibling of Grietje
Grietje is already a sibling of Hans
Hans is already a sibling of Grietje
Grietje is already a sibling of Hans
Hans is already a sibling of Grietje
Grietje is already a sibling of Hans
Hans is already a sibling of Grietje
Grietje is already a sibling of Hans
Hans is already a sibling of Grietje
Grietje is already a sibling of Hans
Hans is already a sibling of Grietje
Grietje is already a sibling of Hans
Hans is already a sibling of Grietje
Grietje is already a sibling of Hans
Hans is already a sibling of Grietje
Grietje is already a sibling of Hans
Hans is already a sibling of Grietje
Grietje is already a sibling of Hans
Hans is already a sibling of Grietje
Grietje is already a sibling of Hans
Hans is already a sibling of Grietje
Grietje is already a sibling of Hans
Hans is already a sibling of Grietje
Grietje is already a sibling of Hans
Hans is already a sibling of Grietje
Grietje is already a sibling of Hans
Hans is already a sibling of Grietje
Grietje is already a sibling of Hans
Hans is already a sibling of Grietje
Grietje is already a sibling of Hans
Hans is already a sibling of Grietje
Grietje is already a sibling of Hans
Hans is already a sibling of Grietje
Grietje is already a sibling of Hans
Hans is already a sibling of Grietje
Grietje is already a sibling of Hans
Hans is already a sibling of Grietje
Grietje is already a sibling of Hans
Hans is already a sibling of Grietje
Grietje is already a sibling of Hans
Hans is already a sibling of Grietje
Grietje is already a sibling of Hans
Hans is already a sibling of Grietje
Grietje is already a sibling of Hans
Hans is already a sibling of Grietje
Grietje is already a sibling of Hans
Hans is already a sibling of Grietje
Grietje is already a sibling of Hans
Hans is already a sibling of Grietje
Grietje is already a sibling of Hans
Hans is already a sibling of Grietje
Grietje is already a sibling of Hans
Hans is already a sibling of Grietje
Grietje is already a sibling of Hans
Hans is already a sibling of Grietje
Grietje is already a sibling of Hans
Hans is already a sibling of Grietje
]]></system-out>
  </testcase>
</testsuite>